The system is: Linux - 4.2.0-27-generic - x86_64
Compiling the C compiler identification source file "CMakeCCompilerId.c" succeeded.
Compiler: /usr/bin/cc 
Build flags: 
Id flags: 

The output was:
0


Compilation of the C compiler identification source "CMakeCCompilerId.c" produced "a.out"

The C compiler identification is GNU, found in "/home/tysonv7/srsLTE/build/CMakeFiles/2.8.12.2/CompilerIdC/a.out"

Compiling the CXX compiler identification source file "CMakeCXXCompilerId.cpp" succeeded.
Compiler: /usr/bin/c++ 
Build flags: 
Id flags: 

The output was:
0


Compilation of the CXX compiler identification source "CMakeCXXCompilerId.cpp" produced "a.out"

The CXX compiler identification is GNU, found in "/home/tysonv7/srsLTE/build/CMakeFiles/2.8.12.2/CompilerIdCXX/a.out"

Determining if the C compiler works passed with the following output:
Change Dir: /home/tysonv7/srsLTE/build/CMakeFiles/CMakeTmp

Run Build Command:/usr/bin/make "cmTryCompileExec2180044476/fast"
/usr/bin/make -f CMakeFiles/cmTryCompileExec2180044476.dir/build.make CMakeFiles/cmTryCompileExec2180044476.dir/build
make[1]: Entering directory `/home/tysonv7/srsLTE/build/CMakeFiles/CMakeTmp'
/usr/bin/cmake -E cmake_progress_report /home/tysonv7/srsLTE/build/CMakeFiles/CMakeTmp/CMakeFiles 1
Building C object CMakeFiles/cmTryCompileExec2180044476.dir/testCCompiler.c.o
/usr/bin/cc    -o CMakeFiles/cmTryCompileExec2180044476.dir/testCCompiler.c.o   -c /home/tysonv7/srsLTE/build/CMakeFiles/CMakeTmp/testCCompiler.c
Linking C executable cmTryCompileExec2180044476
/usr/bin/cmake -E cmake_link_script CMakeFiles/cmTryCompileExec2180044476.dir/link.txt --verbose=1
/usr/bin/cc       CMakeFiles/cmTryCompileExec2180044476.dir/testCCompiler.c.o  -o cmTryCompileExec2180044476 -rdynamic 
make[1]: Leaving directory `/home/tysonv7/srsLTE/build/CMakeFiles/CMakeTmp'


Detecting C compiler ABI info compiled with the following output:
Change Dir: /home/tysonv7/srsLTE/build/CMakeFiles/CMakeTmp

Run Build Command:/usr/bin/make "cmTryCompileExec4160321451/fast"
/usr/bin/make -f CMakeFiles/cmTryCompileExec4160321451.dir/build.make CMakeFiles/cmTryCompileExec4160321451.dir/build
make[1]: Entering directory `/home/tysonv7/srsLTE/build/CMakeFiles/CMakeTmp'
/usr/bin/cmake -E cmake_progress_report /home/tysonv7/srsLTE/build/CMakeFiles/CMakeTmp/CMakeFiles 1
Building C object CMakeFiles/cmTryCompileExec4160321451.dir/CMakeCCompilerABI.c.o
/usr/bin/cc    -o CMakeFiles/cmTryCompileExec4160321451.dir/CMakeCCompilerABI.c.o   -c /usr/share/cmake-2.8/Modules/CMakeCCompilerABI.c
Linking C executable cmTryCompileExec4160321451
/usr/bin/cmake -E cmake_link_script CMakeFiles/cmTryCompileExec4160321451.dir/link.txt --verbose=1
/usr/bin/cc     -v CMakeFiles/cmTryCompileExec4160321451.dir/CMakeCCompilerABI.c.o  -o cmTryCompileExec4160321451 -rdynamic  
Using built-in specs.
COLLECT_GCC=/usr/bin/cc
COLLECT_LTO_WRAPPER=/usr/lib/gcc/x86_64-linux-gnu/4.8/lto-wrapper
Target: x86_64-linux-gnu
Configured with: ../src/configure -v --with-pkgversion='Ubuntu 4.8.4-2ubuntu1~14.04.1' --with-bugurl=file:///usr/share/doc/gcc-4.8/README.Bugs --enable-languages=c,c++,java,go,d,fortran,objc,obj-c++ --prefix=/usr --program-suffix=-4.8 --enable-shared --enable-linker-build-id --libexecdir=/usr/lib --without-included-gettext --enable-threads=posix --with-gxx-include-dir=/usr/include/c++/4.8 --libdir=/usr/lib --enable-nls --with-sysroot=/ --enable-clocale=gnu --enable-libstdcxx-debug --enable-libstdcxx-time=yes --enable-gnu-unique-object --disable-libmudflap --enable-plugin --with-system-zlib --disable-browser-plugin --enable-java-awt=gtk --enable-gtk-cairo --with-java-home=/usr/lib/jvm/java-1.5.0-gcj-4.8-amd64/jre --enable-java-home --with-jvm-root-dir=/usr/lib/jvm/java-1.5.0-gcj-4.8-amd64 --with-jvm-jar-dir=/usr/lib/jvm-exports/java-1.5.0-gcj-4.8-amd64 --with-arch-directory=amd64 --with-ecj-jar=/usr/share/java/eclipse-ecj.jar --enable-objc-gc --enable-multiarch --disable-werror --with-arch-32=i686 --with-abi=m64 --with-multilib-list=m32,m64,mx32 --with-tune=generic --enable-checking=release --build=x86_64-linux-gnu --host=x86_64-linux-gnu --target=x86_64-linux-gnu
Thread model: posix
gcc version 4.8.4 (Ubuntu 4.8.4-2ubuntu1~14.04.1) 
COMPILER_PATH=/usr/lib/gcc/x86_64-linux-gnu/4.8/:/usr/lib/gcc/x86_64-linux-gnu/4.8/:/usr/lib/gcc/x86_64-linux-gnu/:/usr/lib/gcc/x86_64-linux-gnu/4.8/:/usr/lib/gcc/x86_64-linux-gnu/
LIBRARY_PATH=/usr/lib/gcc/x86_64-linux-gnu/4.8/:/usr/lib/gcc/x86_64-linux-gnu/4.8/../../../x86_64-linux-gnu/:/usr/lib/gcc/x86_64-linux-gnu/4.8/../../../../lib/:/lib/x86_64-linux-gnu/:/lib/../lib/:/usr/lib/x86_64-linux-gnu/:/usr/lib/../lib/:/usr/lib/gcc/x86_64-linux-gnu/4.8/../../../:/lib/:/usr/lib/
COLLECT_GCC_OPTIONS='-v' '-o' 'cmTryCompileExec4160321451' '-rdynamic' '-mtune=generic' '-march=x86-64'
 /usr/lib/gcc/x86_64-linux-gnu/4.8/collect2 --sysroot=/ --build-id --eh-frame-hdr -m elf_x86_64 --hash-style=gnu --as-needed -export-dynamic -dynamic-linker /lib64/ld-linux-x86-64.so.2 -z relro -o cmTryCompileExec4160321451 /usr/lib/gcc/x86_64-linux-gnu/4.8/../../../x86_64-linux-gnu/crt1.o /usr/lib/gcc/x86_64-linux-gnu/4.8/../../../x86_64-linux-gnu/crti.o /usr/lib/gcc/x86_64-linux-gnu/4.8/crtbegin.o -L/usr/lib/gcc/x86_64-linux-gnu/4.8 -L/usr/lib/gcc/x86_64-linux-gnu/4.8/../../../x86_64-linux-gnu -L/usr/lib/gcc/x86_64-linux-gnu/4.8/../../../../lib -L/lib/x86_64-linux-gnu -L/lib/../lib -L/usr/lib/x86_64-linux-gnu -L/usr/lib/../lib -L/usr/lib/gcc/x86_64-linux-gnu/4.8/../../.. CMakeFiles/cmTryCompileExec4160321451.dir/CMakeCCompilerABI.c.o -lgcc --as-needed -lgcc_s --no-as-needed -lc -lgcc --as-needed -lgcc_s --no-as-needed /usr/lib/gcc/x86_64-linux-gnu/4.8/crtend.o /usr/lib/gcc/x86_64-linux-gnu/4.8/../../../x86_64-linux-gnu/crtn.o
make[1]: Leaving directory `/home/tysonv7/srsLTE/build/CMakeFiles/CMakeTmp'


Parsed C implicit link information from above output:
  link line regex: [^( *|.*[/\])(ld|([^/\]+-)?ld|collect2)[^/\]*( |$)]
  ignore line: [Change Dir: /home/tysonv7/srsLTE/build/CMakeFiles/CMakeTmp]
  ignore line: []
  ignore line: [Run Build Command:/usr/bin/make "cmTryCompileExec4160321451/fast"]
  ignore line: [/usr/bin/make -f CMakeFiles/cmTryCompileExec4160321451.dir/build.make CMakeFiles/cmTryCompileExec4160321451.dir/build]
  ignore line: [make[1]: Entering directory `/home/tysonv7/srsLTE/build/CMakeFiles/CMakeTmp']
  ignore line: [/usr/bin/cmake -E cmake_progress_report /home/tysonv7/srsLTE/build/CMakeFiles/CMakeTmp/CMakeFiles 1]
  ignore line: [Building C object CMakeFiles/cmTryCompileExec4160321451.dir/CMakeCCompilerABI.c.o]
  ignore line: [/usr/bin/cc    -o CMakeFiles/cmTryCompileExec4160321451.dir/CMakeCCompilerABI.c.o   -c /usr/share/cmake-2.8/Modules/CMakeCCompilerABI.c]
  ignore line: [Linking C executable cmTryCompileExec4160321451]
  ignore line: [/usr/bin/cmake -E cmake_link_script CMakeFiles/cmTryCompileExec4160321451.dir/link.txt --verbose=1]
  ignore line: [/usr/bin/cc     -v CMakeFiles/cmTryCompileExec4160321451.dir/CMakeCCompilerABI.c.o  -o cmTryCompileExec4160321451 -rdynamic  ]
  ignore line: [Using built-in specs.]
  ignore line: [COLLECT_GCC=/usr/bin/cc]
  ignore line: [COLLECT_LTO_WRAPPER=/usr/lib/gcc/x86_64-linux-gnu/4.8/lto-wrapper]
  ignore line: [Target: x86_64-linux-gnu]
  ignore line: [Configured with: ../src/configure -v --with-pkgversion='Ubuntu 4.8.4-2ubuntu1~14.04.1' --with-bugurl=file:///usr/share/doc/gcc-4.8/README.Bugs --enable-languages=c,c++,java,go,d,fortran,objc,obj-c++ --prefix=/usr --program-suffix=-4.8 --enable-shared --enable-linker-build-id --libexecdir=/usr/lib --without-included-gettext --enable-threads=posix --with-gxx-include-dir=/usr/include/c++/4.8 --libdir=/usr/lib --enable-nls --with-sysroot=/ --enable-clocale=gnu --enable-libstdcxx-debug --enable-libstdcxx-time=yes --enable-gnu-unique-object --disable-libmudflap --enable-plugin --with-system-zlib --disable-browser-plugin --enable-java-awt=gtk --enable-gtk-cairo --with-java-home=/usr/lib/jvm/java-1.5.0-gcj-4.8-amd64/jre --enable-java-home --with-jvm-root-dir=/usr/lib/jvm/java-1.5.0-gcj-4.8-amd64 --with-jvm-jar-dir=/usr/lib/jvm-exports/java-1.5.0-gcj-4.8-amd64 --with-arch-directory=amd64 --with-ecj-jar=/usr/share/java/eclipse-ecj.jar --enable-objc-gc --enable-multiarch --disable-werror --with-arch-32=i686 --with-abi=m64 --with-multilib-list=m32,m64,mx32 --with-tune=generic --enable-checking=release --build=x86_64-linux-gnu --host=x86_64-linux-gnu --target=x86_64-linux-gnu]
  ignore line: [Thread model: posix]
  ignore line: [gcc version 4.8.4 (Ubuntu 4.8.4-2ubuntu1~14.04.1) ]
  ignore line: [COMPILER_PATH=/usr/lib/gcc/x86_64-linux-gnu/4.8/:/usr/lib/gcc/x86_64-linux-gnu/4.8/:/usr/lib/gcc/x86_64-linux-gnu/:/usr/lib/gcc/x86_64-linux-gnu/4.8/:/usr/lib/gcc/x86_64-linux-gnu/]
  ignore line: [LIBRARY_PATH=/usr/lib/gcc/x86_64-linux-gnu/4.8/:/usr/lib/gcc/x86_64-linux-gnu/4.8/../../../x86_64-linux-gnu/:/usr/lib/gcc/x86_64-linux-gnu/4.8/../../../../lib/:/lib/x86_64-linux-gnu/:/lib/../lib/:/usr/lib/x86_64-linux-gnu/:/usr/lib/../lib/:/usr/lib/gcc/x86_64-linux-gnu/4.8/../../../:/lib/:/usr/lib/]
  ignore line: [COLLECT_GCC_OPTIONS='-v' '-o' 'cmTryCompileExec4160321451' '-rdynamic' '-mtune=generic' '-march=x86-64']
  link line: [ /usr/lib/gcc/x86_64-linux-gnu/4.8/collect2 --sysroot=/ --build-id --eh-frame-hdr -m elf_x86_64 --hash-style=gnu --as-needed -export-dynamic -dynamic-linker /lib64/ld-linux-x86-64.so.2 -z relro -o cmTryCompileExec4160321451 /usr/lib/gcc/x86_64-linux-gnu/4.8/../../../x86_64-linux-gnu/crt1.o /usr/lib/gcc/x86_64-linux-gnu/4.8/../../../x86_64-linux-gnu/crti.o /usr/lib/gcc/x86_64-linux-gnu/4.8/crtbegin.o -L/usr/lib/gcc/x86_64-linux-gnu/4.8 -L/usr/lib/gcc/x86_64-linux-gnu/4.8/../../../x86_64-linux-gnu -L/usr/lib/gcc/x86_64-linux-gnu/4.8/../../../../lib -L/lib/x86_64-linux-gnu -L/lib/../lib -L/usr/lib/x86_64-linux-gnu -L/usr/lib/../lib -L/usr/lib/gcc/x86_64-linux-gnu/4.8/../../.. CMakeFiles/cmTryCompileExec4160321451.dir/CMakeCCompilerABI.c.o -lgcc --as-needed -lgcc_s --no-as-needed -lc -lgcc --as-needed -lgcc_s --no-as-needed /usr/lib/gcc/x86_64-linux-gnu/4.8/crtend.o /usr/lib/gcc/x86_64-linux-gnu/4.8/../../../x86_64-linux-gnu/crtn.o]
    arg [/usr/lib/gcc/x86_64-linux-gnu/4.8/collect2] ==> ignore
    arg [--sysroot=/] ==> ignore
    arg [--build-id] ==> ignore
    arg [--eh-frame-hdr] ==> ignore
    arg [-m] ==> ignore
    arg [elf_x86_64] ==> ignore
    arg [--hash-style=gnu] ==> ignore
    arg [--as-needed] ==> ignore
    arg [-export-dynamic] ==> ignore
    arg [-dynamic-linker] ==> ignore
    arg [/lib64/ld-linux-x86-64.so.2] ==> ignore
    arg [-zrelro] ==> ignore
    arg [-o] ==> ignore
    arg [cmTryCompileExec4160321451] ==> ignore
    arg [/usr/lib/gcc/x86_64-linux-gnu/4.8/../../../x86_64-linux-gnu/crt1.o] ==> ignore
    arg [/usr/lib/gcc/x86_64-linux-gnu/4.8/../../../x86_64-linux-gnu/crti.o] ==> ignore
    arg [/usr/lib/gcc/x86_64-linux-gnu/4.8/crtbegin.o] ==> ignore
    arg [-L/usr/lib/gcc/x86_64-linux-gnu/4.8] ==> dir [/usr/lib/gcc/x86_64-linux-gnu/4.8]
    arg [-L/usr/lib/gcc/x86_64-linux-gnu/4.8/../../../x86_64-linux-gnu] ==> dir [/usr/lib/gcc/x86_64-linux-gnu/4.8/../../../x86_64-linux-gnu]
    arg [-L/usr/lib/gcc/x86_64-linux-gnu/4.8/../../../../lib] ==> dir [/usr/lib/gcc/x86_64-linux-gnu/4.8/../../../../lib]
    arg [-L/lib/x86_64-linux-gnu] ==> dir [/lib/x86_64-linux-gnu]
    arg [-L/lib/../lib] ==> dir [/lib/../lib]
    arg [-L/usr/lib/x86_64-linux-gnu] ==> dir [/usr/lib/x86_64-linux-gnu]
    arg [-L/usr/lib/../lib] ==> dir [/usr/lib/../lib]
    arg [-L/usr/lib/gcc/x86_64-linux-gnu/4.8/../../..] ==> dir [/usr/lib/gcc/x86_64-linux-gnu/4.8/../../..]
    arg [CMakeFiles/cmTryCompileExec4160321451.dir/CMakeCCompilerABI.c.o] ==> ignore
    arg [-lgcc] ==> lib [gcc]
    arg [--as-needed] ==> ignore
    arg [-lgcc_s] ==> lib [gcc_s]
    arg [--no-as-needed] ==> ignore
    arg [-lc] ==> lib [c]
    arg [-lgcc] ==> lib [gcc]
    arg [--as-needed] ==> ignore
    arg [-lgcc_s] ==> lib [gcc_s]
    arg [--no-as-needed] ==> ignore
    arg [/usr/lib/gcc/x86_64-linux-gnu/4.8/crtend.o] ==> ignore
    arg [/usr/lib/gcc/x86_64-linux-gnu/4.8/../../../x86_64-linux-gnu/crtn.o] ==> ignore
  remove lib [gcc]
  remove lib [gcc_s]
  remove lib [gcc]
  remove lib [gcc_s]
  collapse library dir [/usr/lib/gcc/x86_64-linux-gnu/4.8] ==> [/usr/lib/gcc/x86_64-linux-gnu/4.8]
  collapse library dir [/usr/lib/gcc/x86_64-linux-gnu/4.8/../../../x86_64-linux-gnu] ==> [/usr/lib/x86_64-linux-gnu]
  collapse library dir [/usr/lib/gcc/x86_64-linux-gnu/4.8/../../../../lib] ==> [/usr/lib]
  collapse library dir [/lib/x86_64-linux-gnu] ==> [/lib/x86_64-linux-gnu]
  collapse library dir [/lib/../lib] ==> [/lib]
  collapse library dir [/usr/lib/x86_64-linux-gnu] ==> [/usr/lib/x86_64-linux-gnu]
  collapse library dir [/usr/lib/../lib] ==> [/usr/lib]
  collapse library dir [/usr/lib/gcc/x86_64-linux-gnu/4.8/../../..] ==> [/usr/lib]
  implicit libs: [c]
  implicit dirs: [/usr/lib/gcc/x86_64-linux-gnu/4.8;/usr/lib/x86_64-linux-gnu;/usr/lib;/lib/x86_64-linux-gnu;/lib]
  implicit fwks: []


Determining if the CXX compiler works passed with the following output:
Change Dir: /home/tysonv7/srsLTE/build/CMakeFiles/CMakeTmp

Run Build Command:/usr/bin/make "cmTryCompileExec1554335100/fast"
/usr/bin/make -f CMakeFiles/cmTryCompileExec1554335100.dir/build.make CMakeFiles/cmTryCompileExec1554335100.dir/build
make[1]: Entering directory `/home/tysonv7/srsLTE/build/CMakeFiles/CMakeTmp'
/usr/bin/cmake -E cmake_progress_report /home/tysonv7/srsLTE/build/CMakeFiles/CMakeTmp/CMakeFiles 1
Building CXX object CMakeFiles/cmTryCompileExec1554335100.dir/testCXXCompiler.cxx.o
/usr/bin/c++     -o CMakeFiles/cmTryCompileExec1554335100.dir/testCXXCompiler.cxx.o -c /home/tysonv7/srsLTE/build/CMakeFiles/CMakeTmp/testCXXCompiler.cxx
Linking CXX executable cmTryCompileExec1554335100
/usr/bin/cmake -E cmake_link_script CMakeFiles/cmTryCompileExec1554335100.dir/link.txt --verbose=1
/usr/bin/c++        CMakeFiles/cmTryCompileExec1554335100.dir/testCXXCompiler.cxx.o  -o cmTryCompileExec1554335100 -rdynamic 
make[1]: Leaving directory `/home/tysonv7/srsLTE/build/CMakeFiles/CMakeTmp'


Detecting CXX compiler ABI info compiled with the following output:
Change Dir: /home/tysonv7/srsLTE/build/CMakeFiles/CMakeTmp

Run Build Command:/usr/bin/make "cmTryCompileExec3648651369/fast"
/usr/bin/make -f CMakeFiles/cmTryCompileExec3648651369.dir/build.make CMakeFiles/cmTryCompileExec3648651369.dir/build
make[1]: Entering directory `/home/tysonv7/srsLTE/build/CMakeFiles/CMakeTmp'
/usr/bin/cmake -E cmake_progress_report /home/tysonv7/srsLTE/build/CMakeFiles/CMakeTmp/CMakeFiles 1
Building CXX object CMakeFiles/cmTryCompileExec3648651369.dir/CMakeCXXCompilerABI.cpp.o
/usr/bin/c++     -o CMakeFiles/cmTryCompileExec3648651369.dir/CMakeCXXCompilerABI.cpp.o -c /usr/share/cmake-2.8/Modules/CMakeCXXCompilerABI.cpp
Linking CXX executable cmTryCompileExec3648651369
/usr/bin/cmake -E cmake_link_script CMakeFiles/cmTryCompileExec3648651369.dir/link.txt --verbose=1
/usr/bin/c++      -v CMakeFiles/cmTryCompileExec3648651369.dir/CMakeCXXCompilerABI.cpp.o  -o cmTryCompileExec3648651369 -rdynamic  
Using built-in specs.
COLLECT_GCC=/usr/bin/c++
COLLECT_LTO_WRAPPER=/usr/lib/gcc/x86_64-linux-gnu/4.8/lto-wrapper
Target: x86_64-linux-gnu
Configured with: ../src/configure -v --with-pkgversion='Ubuntu 4.8.4-2ubuntu1~14.04.1' --with-bugurl=file:///usr/share/doc/gcc-4.8/README.Bugs --enable-languages=c,c++,java,go,d,fortran,objc,obj-c++ --prefix=/usr --program-suffix=-4.8 --enable-shared --enable-linker-build-id --libexecdir=/usr/lib --without-included-gettext --enable-threads=posix --with-gxx-include-dir=/usr/include/c++/4.8 --libdir=/usr/lib --enable-nls --with-sysroot=/ --enable-clocale=gnu --enable-libstdcxx-debug --enable-libstdcxx-time=yes --enable-gnu-unique-object --disable-libmudflap --enable-plugin --with-system-zlib --disable-browser-plugin --enable-java-awt=gtk --enable-gtk-cairo --with-java-home=/usr/lib/jvm/java-1.5.0-gcj-4.8-amd64/jre --enable-java-home --with-jvm-root-dir=/usr/lib/jvm/java-1.5.0-gcj-4.8-amd64 --with-jvm-jar-dir=/usr/lib/jvm-exports/java-1.5.0-gcj-4.8-amd64 --with-arch-directory=amd64 --with-ecj-jar=/usr/share/java/eclipse-ecj.jar --enable-objc-gc --enable-multiarch --disable-werror --with-arch-32=i686 --with-abi=m64 --with-multilib-list=m32,m64,mx32 --with-tune=generic --enable-checking=release --build=x86_64-linux-gnu --host=x86_64-linux-gnu --target=x86_64-linux-gnu
Thread model: posix
gcc version 4.8.4 (Ubuntu 4.8.4-2ubuntu1~14.04.1) 
COMPILER_PATH=/usr/lib/gcc/x86_64-linux-gnu/4.8/:/usr/lib/gcc/x86_64-linux-gnu/4.8/:/usr/lib/gcc/x86_64-linux-gnu/:/usr/lib/gcc/x86_64-linux-gnu/4.8/:/usr/lib/gcc/x86_64-linux-gnu/
LIBRARY_PATH=/usr/lib/gcc/x86_64-linux-gnu/4.8/:/usr/lib/gcc/x86_64-linux-gnu/4.8/../../../x86_64-linux-gnu/:/usr/lib/gcc/x86_64-linux-gnu/4.8/../../../../lib/:/lib/x86_64-linux-gnu/:/lib/../lib/:/usr/lib/x86_64-linux-gnu/:/usr/lib/../lib/:/usr/lib/gcc/x86_64-linux-gnu/4.8/../../../:/lib/:/usr/lib/
COLLECT_GCC_OPTIONS='-v' '-o' 'cmTryCompileExec3648651369' '-rdynamic' '-shared-libgcc' '-mtune=generic' '-march=x86-64'
 /usr/lib/gcc/x86_64-linux-gnu/4.8/collect2 --sysroot=/ --build-id --eh-frame-hdr -m elf_x86_64 --hash-style=gnu --as-needed -export-dynamic -dynamic-linker /lib64/ld-linux-x86-64.so.2 -z relro -o cmTryCompileExec3648651369 /usr/lib/gcc/x86_64-linux-gnu/4.8/../../../x86_64-linux-gnu/crt1.o /usr/lib/gcc/x86_64-linux-gnu/4.8/../../../x86_64-linux-gnu/crti.o /usr/lib/gcc/x86_64-linux-gnu/4.8/crtbegin.o -L/usr/lib/gcc/x86_64-linux-gnu/4.8 -L/usr/lib/gcc/x86_64-linux-gnu/4.8/../../../x86_64-linux-gnu -L/usr/lib/gcc/x86_64-linux-gnu/4.8/../../../../lib -L/lib/x86_64-linux-gnu -L/lib/../lib -L/usr/lib/x86_64-linux-gnu -L/usr/lib/../lib -L/usr/lib/gcc/x86_64-linux-gnu/4.8/../../.. CMakeFiles/cmTryCompileExec3648651369.dir/CMakeCXXCompilerABI.cpp.o -lstdc++ -lm -lgcc_s -lgcc -lc -lgcc_s -lgcc /usr/lib/gcc/x86_64-linux-gnu/4.8/crtend.o /usr/lib/gcc/x86_64-linux-gnu/4.8/../../../x86_64-linux-gnu/crtn.o
make[1]: Leaving directory `/home/tysonv7/srsLTE/build/CMakeFiles/CMakeTmp'


Parsed CXX implicit link information from above output:
  link line regex: [^( *|.*[/\])(ld|([^/\]+-)?ld|collect2)[^/\]*( |$)]
  ignore line: [Change Dir: /home/tysonv7/srsLTE/build/CMakeFiles/CMakeTmp]
  ignore line: []
  ignore line: [Run Build Command:/usr/bin/make "cmTryCompileExec3648651369/fast"]
  ignore line: [/usr/bin/make -f CMakeFiles/cmTryCompileExec3648651369.dir/build.make CMakeFiles/cmTryCompileExec3648651369.dir/build]
  ignore line: [make[1]: Entering directory `/home/tysonv7/srsLTE/build/CMakeFiles/CMakeTmp']
  ignore line: [/usr/bin/cmake -E cmake_progress_report /home/tysonv7/srsLTE/build/CMakeFiles/CMakeTmp/CMakeFiles 1]
  ignore line: [Building CXX object CMakeFiles/cmTryCompileExec3648651369.dir/CMakeCXXCompilerABI.cpp.o]
  ignore line: [/usr/bin/c++     -o CMakeFiles/cmTryCompileExec3648651369.dir/CMakeCXXCompilerABI.cpp.o -c /usr/share/cmake-2.8/Modules/CMakeCXXCompilerABI.cpp]
  ignore line: [Linking CXX executable cmTryCompileExec3648651369]
  ignore line: [/usr/bin/cmake -E cmake_link_script CMakeFiles/cmTryCompileExec3648651369.dir/link.txt --verbose=1]
  ignore line: [/usr/bin/c++      -v CMakeFiles/cmTryCompileExec3648651369.dir/CMakeCXXCompilerABI.cpp.o  -o cmTryCompileExec3648651369 -rdynamic  ]
  ignore line: [Using built-in specs.]
  ignore line: [COLLECT_GCC=/usr/bin/c++]
  ignore line: [COLLECT_LTO_WRAPPER=/usr/lib/gcc/x86_64-linux-gnu/4.8/lto-wrapper]
  ignore line: [Target: x86_64-linux-gnu]
  ignore line: [Configured with: ../src/configure -v --with-pkgversion='Ubuntu 4.8.4-2ubuntu1~14.04.1' --with-bugurl=file:///usr/share/doc/gcc-4.8/README.Bugs --enable-languages=c,c++,java,go,d,fortran,objc,obj-c++ --prefix=/usr --program-suffix=-4.8 --enable-shared --enable-linker-build-id --libexecdir=/usr/lib --without-included-gettext --enable-threads=posix --with-gxx-include-dir=/usr/include/c++/4.8 --libdir=/usr/lib --enable-nls --with-sysroot=/ --enable-clocale=gnu --enable-libstdcxx-debug --enable-libstdcxx-time=yes --enable-gnu-unique-object --disable-libmudflap --enable-plugin --with-system-zlib --disable-browser-plugin --enable-java-awt=gtk --enable-gtk-cairo --with-java-home=/usr/lib/jvm/java-1.5.0-gcj-4.8-amd64/jre --enable-java-home --with-jvm-root-dir=/usr/lib/jvm/java-1.5.0-gcj-4.8-amd64 --with-jvm-jar-dir=/usr/lib/jvm-exports/java-1.5.0-gcj-4.8-amd64 --with-arch-directory=amd64 --with-ecj-jar=/usr/share/java/eclipse-ecj.jar --enable-objc-gc --enable-multiarch --disable-werror --with-arch-32=i686 --with-abi=m64 --with-multilib-list=m32,m64,mx32 --with-tune=generic --enable-checking=release --build=x86_64-linux-gnu --host=x86_64-linux-gnu --target=x86_64-linux-gnu]
  ignore line: [Thread model: posix]
  ignore line: [gcc version 4.8.4 (Ubuntu 4.8.4-2ubuntu1~14.04.1) ]
  ignore line: [COMPILER_PATH=/usr/lib/gcc/x86_64-linux-gnu/4.8/:/usr/lib/gcc/x86_64-linux-gnu/4.8/:/usr/lib/gcc/x86_64-linux-gnu/:/usr/lib/gcc/x86_64-linux-gnu/4.8/:/usr/lib/gcc/x86_64-linux-gnu/]
  ignore line: [LIBRARY_PATH=/usr/lib/gcc/x86_64-linux-gnu/4.8/:/usr/lib/gcc/x86_64-linux-gnu/4.8/../../../x86_64-linux-gnu/:/usr/lib/gcc/x86_64-linux-gnu/4.8/../../../../lib/:/lib/x86_64-linux-gnu/:/lib/../lib/:/usr/lib/x86_64-linux-gnu/:/usr/lib/../lib/:/usr/lib/gcc/x86_64-linux-gnu/4.8/../../../:/lib/:/usr/lib/]
  ignore line: [COLLECT_GCC_OPTIONS='-v' '-o' 'cmTryCompileExec3648651369' '-rdynamic' '-shared-libgcc' '-mtune=generic' '-march=x86-64']
  link line: [ /usr/lib/gcc/x86_64-linux-gnu/4.8/collect2 --sysroot=/ --build-id --eh-frame-hdr -m elf_x86_64 --hash-style=gnu --as-needed -export-dynamic -dynamic-linker /lib64/ld-linux-x86-64.so.2 -z relro -o cmTryCompileExec3648651369 /usr/lib/gcc/x86_64-linux-gnu/4.8/../../../x86_64-linux-gnu/crt1.o /usr/lib/gcc/x86_64-linux-gnu/4.8/../../../x86_64-linux-gnu/crti.o /usr/lib/gcc/x86_64-linux-gnu/4.8/crtbegin.o -L/usr/lib/gcc/x86_64-linux-gnu/4.8 -L/usr/lib/gcc/x86_64-linux-gnu/4.8/../../../x86_64-linux-gnu -L/usr/lib/gcc/x86_64-linux-gnu/4.8/../../../../lib -L/lib/x86_64-linux-gnu -L/lib/../lib -L/usr/lib/x86_64-linux-gnu -L/usr/lib/../lib -L/usr/lib/gcc/x86_64-linux-gnu/4.8/../../.. CMakeFiles/cmTryCompileExec3648651369.dir/CMakeCXXCompilerABI.cpp.o -lstdc++ -lm -lgcc_s -lgcc -lc -lgcc_s -lgcc /usr/lib/gcc/x86_64-linux-gnu/4.8/crtend.o /usr/lib/gcc/x86_64-linux-gnu/4.8/../../../x86_64-linux-gnu/crtn.o]
    arg [/usr/lib/gcc/x86_64-linux-gnu/4.8/collect2] ==> ignore
    arg [--sysroot=/] ==> ignore
    arg [--build-id] ==> ignore
    arg [--eh-frame-hdr] ==> ignore
    arg [-m] ==> ignore
    arg [elf_x86_64] ==> ignore
    arg [--hash-style=gnu] ==> ignore
    arg [--as-needed] ==> ignore
    arg [-export-dynamic] ==> ignore
    arg [-dynamic-linker] ==> ignore
    arg [/lib64/ld-linux-x86-64.so.2] ==> ignore
    arg [-zrelro] ==> ignore
    arg [-o] ==> ignore
    arg [cmTryCompileExec3648651369] ==> ignore
    arg [/usr/lib/gcc/x86_64-linux-gnu/4.8/../../../x86_64-linux-gnu/crt1.o] ==> ignore
    arg [/usr/lib/gcc/x86_64-linux-gnu/4.8/../../../x86_64-linux-gnu/crti.o] ==> ignore
    arg [/usr/lib/gcc/x86_64-linux-gnu/4.8/crtbegin.o] ==> ignore
    arg [-L/usr/lib/gcc/x86_64-linux-gnu/4.8] ==> dir [/usr/lib/gcc/x86_64-linux-gnu/4.8]
    arg [-L/usr/lib/gcc/x86_64-linux-gnu/4.8/../../../x86_64-linux-gnu] ==> dir [/usr/lib/gcc/x86_64-linux-gnu/4.8/../../../x86_64-linux-gnu]
    arg [-L/usr/lib/gcc/x86_64-linux-gnu/4.8/../../../../lib] ==> dir [/usr/lib/gcc/x86_64-linux-gnu/4.8/../../../../lib]
    arg [-L/lib/x86_64-linux-gnu] ==> dir [/lib/x86_64-linux-gnu]
    arg [-L/lib/../lib] ==> dir [/lib/../lib]
    arg [-L/usr/lib/x86_64-linux-gnu] ==> dir [/usr/lib/x86_64-linux-gnu]
    arg [-L/usr/lib/../lib] ==> dir [/usr/lib/../lib]
    arg [-L/usr/lib/gcc/x86_64-linux-gnu/4.8/../../..] ==> dir [/usr/lib/gcc/x86_64-linux-gnu/4.8/../../..]
    arg [CMakeFiles/cmTryCompileExec3648651369.dir/CMakeCXXCompilerABI.cpp.o] ==> ignore
    arg [-lstdc++] ==> lib [stdc++]
    arg [-lm] ==> lib [m]
    arg [-lgcc_s] ==> lib [gcc_s]
    arg [-lgcc] ==> lib [gcc]
    arg [-lc] ==> lib [c]
    arg [-lgcc_s] ==> lib [gcc_s]
    arg [-lgcc] ==> lib [gcc]
    arg [/usr/lib/gcc/x86_64-linux-gnu/4.8/crtend.o] ==> ignore
    arg [/usr/lib/gcc/x86_64-linux-gnu/4.8/../../../x86_64-linux-gnu/crtn.o] ==> ignore
  remove lib [gcc_s]
  remove lib [gcc]
  remove lib [gcc_s]
  remove lib [gcc]
  collapse library dir [/usr/lib/gcc/x86_64-linux-gnu/4.8] ==> [/usr/lib/gcc/x86_64-linux-gnu/4.8]
  collapse library dir [/usr/lib/gcc/x86_64-linux-gnu/4.8/../../../x86_64-linux-gnu] ==> [/usr/lib/x86_64-linux-gnu]
  collapse library dir [/usr/lib/gcc/x86_64-linux-gnu/4.8/../../../../lib] ==> [/usr/lib]
  collapse library dir [/lib/x86_64-linux-gnu] ==> [/lib/x86_64-linux-gnu]
  collapse library dir [/lib/../lib] ==> [/lib]
  collapse library dir [/usr/lib/x86_64-linux-gnu] ==> [/usr/lib/x86_64-linux-gnu]
  collapse library dir [/usr/lib/../lib] ==> [/usr/lib]
  collapse library dir [/usr/lib/gcc/x86_64-linux-gnu/4.8/../../..] ==> [/usr/lib]
  implicit libs: [stdc++;m;c]
  implicit dirs: [/usr/lib/gcc/x86_64-linux-gnu/4.8;/usr/lib/x86_64-linux-gnu;/usr/lib;/lib/x86_64-linux-gnu;/lib]
  implicit fwks: []


Performing C SOURCE FILE Test HAVE_SSE succeeded with the following output:
Change Dir: /home/tysonv7/srsLTE/build/CMakeFiles/CMakeTmp

Run Build Command:/usr/bin/make "cmTryCompileExec1217098244/fast"
/usr/bin/make -f CMakeFiles/cmTryCompileExec1217098244.dir/build.make CMakeFiles/cmTryCompileExec1217098244.dir/build
make[1]: Entering directory `/home/tysonv7/srsLTE/build/CMakeFiles/CMakeTmp'
/usr/bin/cmake -E cmake_progress_report /home/tysonv7/srsLTE/build/CMakeFiles/CMakeTmp/CMakeFiles 1
Building C object CMakeFiles/cmTryCompileExec1217098244.dir/src.c.o
/usr/bin/cc   -Wall -Wno-write-strings -Wno-format-extra-args -Winline -Wno-unused-result -Wno-format -std=c99 -D_GNU_SOURCE -g -DHAVE_SSE -msse4.1   -o CMakeFiles/cmTryCompileExec1217098244.dir/src.c.o   -c /home/tysonv7/srsLTE/build/CMakeFiles/CMakeTmp/src.c
/home/tysonv7/srsLTE/build/CMakeFiles/CMakeTmp/src.c: In function ‘main’:
/home/tysonv7/srsLTE/build/CMakeFiles/CMakeTmp/src.c:8:17: warning: unused variable ‘b’ [-Wunused-variable]
         __m128i b = _mm_minpos_epu16(a);
                 ^
Linking C executable cmTryCompileExec1217098244
/usr/bin/cmake -E cmake_link_script CMakeFiles/cmTryCompileExec1217098244.dir/link.txt --verbose=1
/usr/bin/cc   -Wall -Wno-write-strings -Wno-format-extra-args -Winline -Wno-unused-result -Wno-format -std=c99 -D_GNU_SOURCE -g -DHAVE_SSE -msse4.1    CMakeFiles/cmTryCompileExec1217098244.dir/src.c.o  -o cmTryCompileExec1217098244 -rdynamic 
make[1]: Leaving directory `/home/tysonv7/srsLTE/build/CMakeFiles/CMakeTmp'

Return value: 1
Source file was:

        #include <emmintrin.h>
        #include <smmintrin.h>

        int main()
        {
        __m128i a = _mm_setzero_si128();
        __m128i b = _mm_minpos_epu16(a);
        return 0;
        }
Performing C SOURCE FILE Test HAVE_AVX succeeded with the following output:
Change Dir: /home/tysonv7/srsLTE/build/CMakeFiles/CMakeTmp

Run Build Command:/usr/bin/make "cmTryCompileExec2091296199/fast"
/usr/bin/make -f CMakeFiles/cmTryCompileExec2091296199.dir/build.make CMakeFiles/cmTryCompileExec2091296199.dir/build
make[1]: Entering directory `/home/tysonv7/srsLTE/build/CMakeFiles/CMakeTmp'
/usr/bin/cmake -E cmake_progress_report /home/tysonv7/srsLTE/build/CMakeFiles/CMakeTmp/CMakeFiles 1
Building C object CMakeFiles/cmTryCompileExec2091296199.dir/src.c.o
/usr/bin/cc   -Wall -Wno-write-strings -Wno-format-extra-args -Winline -Wno-unused-result -Wno-format -std=c99 -D_GNU_SOURCE -g -DHAVE_AVX -mavx   -o CMakeFiles/cmTryCompileExec2091296199.dir/src.c.o   -c /home/tysonv7/srsLTE/build/CMakeFiles/CMakeTmp/src.c
/home/tysonv7/srsLTE/build/CMakeFiles/CMakeTmp/src.c: In function ‘main’:
/home/tysonv7/srsLTE/build/CMakeFiles/CMakeTmp/src.c:6:21: warning: unused variable ‘a’ [-Wunused-variable]
             __m256i a = _mm256_setzero_si256();
                     ^
Linking C executable cmTryCompileExec2091296199
/usr/bin/cmake -E cmake_link_script CMakeFiles/cmTryCompileExec2091296199.dir/link.txt --verbose=1
/usr/bin/cc   -Wall -Wno-write-strings -Wno-format-extra-args -Winline -Wno-unused-result -Wno-format -std=c99 -D_GNU_SOURCE -g -DHAVE_AVX -mavx    CMakeFiles/cmTryCompileExec2091296199.dir/src.c.o  -o cmTryCompileExec2091296199 -rdynamic 
make[1]: Leaving directory `/home/tysonv7/srsLTE/build/CMakeFiles/CMakeTmp'

Return value: 1
Source file was:

            #include <immintrin.h>

            int main()
            {
            __m256i a = _mm256_setzero_si256();
            return 0;
            }
Performing C++ SOURCE FILE Test HAVE_VISIBILITY_HIDDEN succeded with the following output:
Change Dir: /home/tysonv7/srsLTE/build/CMakeFiles/CMakeTmp

Run Build Command:/usr/bin/make "cmTryCompileExec2292512543/fast"
/usr/bin/make -f CMakeFiles/cmTryCompileExec2292512543.dir/build.make CMakeFiles/cmTryCompileExec2292512543.dir/build
make[1]: Entering directory `/home/tysonv7/srsLTE/build/CMakeFiles/CMakeTmp'
/usr/bin/cmake -E cmake_progress_report /home/tysonv7/srsLTE/build/CMakeFiles/CMakeTmp/CMakeFiles 1
Building CXX object CMakeFiles/cmTryCompileExec2292512543.dir/src.cxx.o
/usr/bin/c++    -DHAVE_VISIBILITY_HIDDEN -mavx   -fvisibility=hidden -o CMakeFiles/cmTryCompileExec2292512543.dir/src.cxx.o -c /home/tysonv7/srsLTE/build/CMakeFiles/CMakeTmp/src.cxx
Linking CXX executable cmTryCompileExec2292512543
/usr/bin/cmake -E cmake_link_script CMakeFiles/cmTryCompileExec2292512543.dir/link.txt --verbose=1
/usr/bin/c++    -DHAVE_VISIBILITY_HIDDEN -mavx    CMakeFiles/cmTryCompileExec2292512543.dir/src.cxx.o  -o cmTryCompileExec2292512543 -rdynamic 
make[1]: Leaving directory `/home/tysonv7/srsLTE/build/CMakeFiles/CMakeTmp'

Source file was:
int main() { return 0;}
Determining if the function volk_32f_index_max_16u exists passed with the following output:
Change Dir: /home/tysonv7/srsLTE/build/CMakeFiles/CMakeTmp

Run Build Command:/usr/bin/make "cmTryCompileExec1629091578/fast"
/usr/bin/make -f CMakeFiles/cmTryCompileExec1629091578.dir/build.make CMakeFiles/cmTryCompileExec1629091578.dir/build
make[1]: Entering directory `/home/tysonv7/srsLTE/build/CMakeFiles/CMakeTmp'
/usr/bin/cmake -E cmake_progress_report /home/tysonv7/srsLTE/build/CMakeFiles/CMakeTmp/CMakeFiles 1
Building C object CMakeFiles/cmTryCompileExec1629091578.dir/CheckFunctionExists.c.o
/usr/bin/cc   -Wall -Wno-write-strings -Wno-format-extra-args -Winline -Wno-unused-result -Wno-format -std=c99 -D_GNU_SOURCE -g -march=native -mfpmath=sse -mavx -DLV_HAVE_AVX -DLV_HAVE_SSE -DCHECK_FUNCTION_EXISTS=volk_32f_index_max_16u -mavx   -o CMakeFiles/cmTryCompileExec1629091578.dir/CheckFunctionExists.c.o   -c /home/tysonv7/srsLTE/cmake/modules/CheckFunctionExists.c
/home/tysonv7/srsLTE/cmake/modules/CheckFunctionExists.c: In function ‘main’:
/home/tysonv7/srsLTE/cmake/modules/CheckFunctionExists.c:12:3: warning: implicit declaration of function ‘sqrtf’ [-Wimplicit-function-declaration]
   float ac2 = sqrtf(rand());
   ^
/home/tysonv7/srsLTE/cmake/modules/CheckFunctionExists.c:12:15: warning: incompatible implicit declaration of built-in function ‘sqrtf’ [enabled by default]
   float ac2 = sqrtf(rand());
               ^
/home/tysonv7/srsLTE/cmake/modules/CheckFunctionExists.c:12:3: warning: implicit declaration of function ‘rand’ [-Wimplicit-function-declaration]
   float ac2 = sqrtf(rand());
   ^
Linking C executable cmTryCompileExec1629091578
/usr/bin/cmake -E cmake_link_script CMakeFiles/cmTryCompileExec1629091578.dir/link.txt --verbose=1
/usr/bin/cc   -Wall -Wno-write-strings -Wno-format-extra-args -Winline -Wno-unused-result -Wno-format -std=c99 -D_GNU_SOURCE -g -march=native -mfpmath=sse -mavx -DLV_HAVE_AVX -DLV_HAVE_SSE -DCHECK_FUNCTION_EXISTS=volk_32f_index_max_16u -mavx    CMakeFiles/cmTryCompileExec1629091578.dir/CheckFunctionExists.c.o  -o cmTryCompileExec1629091578 -rdynamic -lvolk -lm 
make[1]: Leaving directory `/home/tysonv7/srsLTE/build/CMakeFiles/CMakeTmp'


Determining if the function volk_32f_accumulator_s32f exists passed with the following output:
Change Dir: /home/tysonv7/srsLTE/build/CMakeFiles/CMakeTmp

Run Build Command:/usr/bin/make "cmTryCompileExec379938918/fast"
/usr/bin/make -f CMakeFiles/cmTryCompileExec379938918.dir/build.make CMakeFiles/cmTryCompileExec379938918.dir/build
make[1]: Entering directory `/home/tysonv7/srsLTE/build/CMakeFiles/CMakeTmp'
/usr/bin/cmake -E cmake_progress_report /home/tysonv7/srsLTE/build/CMakeFiles/CMakeTmp/CMakeFiles 1
Building C object CMakeFiles/cmTryCompileExec379938918.dir/CheckFunctionExists.c.o
/usr/bin/cc   -Wall -Wno-write-strings -Wno-format-extra-args -Winline -Wno-unused-result -Wno-format -std=c99 -D_GNU_SOURCE -g -march=native -mfpmath=sse -mavx -DLV_HAVE_AVX -DLV_HAVE_SSE -DCHECK_FUNCTION_EXISTS=volk_32f_accumulator_s32f -mavx   -o CMakeFiles/cmTryCompileExec379938918.dir/CheckFunctionExists.c.o   -c /home/tysonv7/srsLTE/cmake/modules/CheckFunctionExists.c
/home/tysonv7/srsLTE/cmake/modules/CheckFunctionExists.c: In function ‘main’:
/home/tysonv7/srsLTE/cmake/modules/CheckFunctionExists.c:12:3: warning: implicit declaration of function ‘sqrtf’ [-Wimplicit-function-declaration]
   float ac2 = sqrtf(rand());
   ^
/home/tysonv7/srsLTE/cmake/modules/CheckFunctionExists.c:12:15: warning: incompatible implicit declaration of built-in function ‘sqrtf’ [enabled by default]
   float ac2 = sqrtf(rand());
               ^
/home/tysonv7/srsLTE/cmake/modules/CheckFunctionExists.c:12:3: warning: implicit declaration of function ‘rand’ [-Wimplicit-function-declaration]
   float ac2 = sqrtf(rand());
   ^
Linking C executable cmTryCompileExec379938918
/usr/bin/cmake -E cmake_link_script CMakeFiles/cmTryCompileExec379938918.dir/link.txt --verbose=1
/usr/bin/cc   -Wall -Wno-write-strings -Wno-format-extra-args -Winline -Wno-unused-result -Wno-format -std=c99 -D_GNU_SOURCE -g -march=native -mfpmath=sse -mavx -DLV_HAVE_AVX -DLV_HAVE_SSE -DCHECK_FUNCTION_EXISTS=volk_32f_accumulator_s32f -mavx    CMakeFiles/cmTryCompileExec379938918.dir/CheckFunctionExists.c.o  -o cmTryCompileExec379938918 -rdynamic -lvolk -lm 
make[1]: Leaving directory `/home/tysonv7/srsLTE/build/CMakeFiles/CMakeTmp'


Determining if the function volk_32fc_s32fc_multiply_32fc exists passed with the following output:
Change Dir: /home/tysonv7/srsLTE/build/CMakeFiles/CMakeTmp

Run Build Command:/usr/bin/make "cmTryCompileExec2701090542/fast"
/usr/bin/make -f CMakeFiles/cmTryCompileExec2701090542.dir/build.make CMakeFiles/cmTryCompileExec2701090542.dir/build
make[1]: Entering directory `/home/tysonv7/srsLTE/build/CMakeFiles/CMakeTmp'
/usr/bin/cmake -E cmake_progress_report /home/tysonv7/srsLTE/build/CMakeFiles/CMakeTmp/CMakeFiles 1
Building C object CMakeFiles/cmTryCompileExec2701090542.dir/CheckFunctionExists.c.o
/usr/bin/cc   -Wall -Wno-write-strings -Wno-format-extra-args -Winline -Wno-unused-result -Wno-format -std=c99 -D_GNU_SOURCE -g -march=native -mfpmath=sse -mavx -DLV_HAVE_AVX -DLV_HAVE_SSE -DCHECK_FUNCTION_EXISTS=volk_32fc_s32fc_multiply_32fc -mavx   -o CMakeFiles/cmTryCompileExec2701090542.dir/CheckFunctionExists.c.o   -c /home/tysonv7/srsLTE/cmake/modules/CheckFunctionExists.c
/home/tysonv7/srsLTE/cmake/modules/CheckFunctionExists.c: In function ‘main’:
/home/tysonv7/srsLTE/cmake/modules/CheckFunctionExists.c:12:3: warning: implicit declaration of function ‘sqrtf’ [-Wimplicit-function-declaration]
   float ac2 = sqrtf(rand());
   ^
/home/tysonv7/srsLTE/cmake/modules/CheckFunctionExists.c:12:15: warning: incompatible implicit declaration of built-in function ‘sqrtf’ [enabled by default]
   float ac2 = sqrtf(rand());
               ^
/home/tysonv7/srsLTE/cmake/modules/CheckFunctionExists.c:12:3: warning: implicit declaration of function ‘rand’ [-Wimplicit-function-declaration]
   float ac2 = sqrtf(rand());
   ^
Linking C executable cmTryCompileExec2701090542
/usr/bin/cmake -E cmake_link_script CMakeFiles/cmTryCompileExec2701090542.dir/link.txt --verbose=1
/usr/bin/cc   -Wall -Wno-write-strings -Wno-format-extra-args -Winline -Wno-unused-result -Wno-format -std=c99 -D_GNU_SOURCE -g -march=native -mfpmath=sse -mavx -DLV_HAVE_AVX -DLV_HAVE_SSE -DCHECK_FUNCTION_EXISTS=volk_32fc_s32fc_multiply_32fc -mavx    CMakeFiles/cmTryCompileExec2701090542.dir/CheckFunctionExists.c.o  -o cmTryCompileExec2701090542 -rdynamic -lvolk -lm 
make[1]: Leaving directory `/home/tysonv7/srsLTE/build/CMakeFiles/CMakeTmp'


Determining if the function volk_32fc_conjugate_32fc exists passed with the following output:
Change Dir: /home/tysonv7/srsLTE/build/CMakeFiles/CMakeTmp

Run Build Command:/usr/bin/make "cmTryCompileExec2333805773/fast"
/usr/bin/make -f CMakeFiles/cmTryCompileExec2333805773.dir/build.make CMakeFiles/cmTryCompileExec2333805773.dir/build
make[1]: Entering directory `/home/tysonv7/srsLTE/build/CMakeFiles/CMakeTmp'
/usr/bin/cmake -E cmake_progress_report /home/tysonv7/srsLTE/build/CMakeFiles/CMakeTmp/CMakeFiles 1
Building C object CMakeFiles/cmTryCompileExec2333805773.dir/CheckFunctionExists.c.o
/usr/bin/cc   -Wall -Wno-write-strings -Wno-format-extra-args -Winline -Wno-unused-result -Wno-format -std=c99 -D_GNU_SOURCE -g -march=native -mfpmath=sse -mavx -DLV_HAVE_AVX -DLV_HAVE_SSE -DCHECK_FUNCTION_EXISTS=volk_32fc_conjugate_32fc -mavx   -o CMakeFiles/cmTryCompileExec2333805773.dir/CheckFunctionExists.c.o   -c /home/tysonv7/srsLTE/cmake/modules/CheckFunctionExists.c
/home/tysonv7/srsLTE/cmake/modules/CheckFunctionExists.c: In function ‘main’:
/home/tysonv7/srsLTE/cmake/modules/CheckFunctionExists.c:12:3: warning: implicit declaration of function ‘sqrtf’ [-Wimplicit-function-declaration]
   float ac2 = sqrtf(rand());
   ^
/home/tysonv7/srsLTE/cmake/modules/CheckFunctionExists.c:12:15: warning: incompatible implicit declaration of built-in function ‘sqrtf’ [enabled by default]
   float ac2 = sqrtf(rand());
               ^
/home/tysonv7/srsLTE/cmake/modules/CheckFunctionExists.c:12:3: warning: implicit declaration of function ‘rand’ [-Wimplicit-function-declaration]
   float ac2 = sqrtf(rand());
   ^
Linking C executable cmTryCompileExec2333805773
/usr/bin/cmake -E cmake_link_script CMakeFiles/cmTryCompileExec2333805773.dir/link.txt --verbose=1
/usr/bin/cc   -Wall -Wno-write-strings -Wno-format-extra-args -Winline -Wno-unused-result -Wno-format -std=c99 -D_GNU_SOURCE -g -march=native -mfpmath=sse -mavx -DLV_HAVE_AVX -DLV_HAVE_SSE -DCHECK_FUNCTION_EXISTS=volk_32fc_conjugate_32fc -mavx    CMakeFiles/cmTryCompileExec2333805773.dir/CheckFunctionExists.c.o  -o cmTryCompileExec2333805773 -rdynamic -lvolk -lm 
make[1]: Leaving directory `/home/tysonv7/srsLTE/build/CMakeFiles/CMakeTmp'


Determining if the function volk_32fc_x2_multiply_32fc exists passed with the following output:
Change Dir: /home/tysonv7/srsLTE/build/CMakeFiles/CMakeTmp

Run Build Command:/usr/bin/make "cmTryCompileExec2996902702/fast"
/usr/bin/make -f CMakeFiles/cmTryCompileExec2996902702.dir/build.make CMakeFiles/cmTryCompileExec2996902702.dir/build
make[1]: Entering directory `/home/tysonv7/srsLTE/build/CMakeFiles/CMakeTmp'
/usr/bin/cmake -E cmake_progress_report /home/tysonv7/srsLTE/build/CMakeFiles/CMakeTmp/CMakeFiles 1
Building C object CMakeFiles/cmTryCompileExec2996902702.dir/CheckFunctionExists.c.o
/usr/bin/cc   -Wall -Wno-write-strings -Wno-format-extra-args -Winline -Wno-unused-result -Wno-format -std=c99 -D_GNU_SOURCE -g -march=native -mfpmath=sse -mavx -DLV_HAVE_AVX -DLV_HAVE_SSE -DCHECK_FUNCTION_EXISTS=volk_32fc_x2_multiply_32fc -mavx   -o CMakeFiles/cmTryCompileExec2996902702.dir/CheckFunctionExists.c.o   -c /home/tysonv7/srsLTE/cmake/modules/CheckFunctionExists.c
/home/tysonv7/srsLTE/cmake/modules/CheckFunctionExists.c: In function ‘main’:
/home/tysonv7/srsLTE/cmake/modules/CheckFunctionExists.c:12:3: warning: implicit declaration of function ‘sqrtf’ [-Wimplicit-function-declaration]
   float ac2 = sqrtf(rand());
   ^
/home/tysonv7/srsLTE/cmake/modules/CheckFunctionExists.c:12:15: warning: incompatible implicit declaration of built-in function ‘sqrtf’ [enabled by default]
   float ac2 = sqrtf(rand());
               ^
/home/tysonv7/srsLTE/cmake/modules/CheckFunctionExists.c:12:3: warning: implicit declaration of function ‘rand’ [-Wimplicit-function-declaration]
   float ac2 = sqrtf(rand());
   ^
Linking C executable cmTryCompileExec2996902702
/usr/bin/cmake -E cmake_link_script CMakeFiles/cmTryCompileExec2996902702.dir/link.txt --verbose=1
/usr/bin/cc   -Wall -Wno-write-strings -Wno-format-extra-args -Winline -Wno-unused-result -Wno-format -std=c99 -D_GNU_SOURCE -g -march=native -mfpmath=sse -mavx -DLV_HAVE_AVX -DLV_HAVE_SSE -DCHECK_FUNCTION_EXISTS=volk_32fc_x2_multiply_32fc -mavx    CMakeFiles/cmTryCompileExec2996902702.dir/CheckFunctionExists.c.o  -o cmTryCompileExec2996902702 -rdynamic -lvolk -lm 
make[1]: Leaving directory `/home/tysonv7/srsLTE/build/CMakeFiles/CMakeTmp'


Determining if the function volk_32fc_x2_multiply_conjugate_32fc exists passed with the following output:
Change Dir: /home/tysonv7/srsLTE/build/CMakeFiles/CMakeTmp

Run Build Command:/usr/bin/make "cmTryCompileExec3962659174/fast"
/usr/bin/make -f CMakeFiles/cmTryCompileExec3962659174.dir/build.make CMakeFiles/cmTryCompileExec3962659174.dir/build
make[1]: Entering directory `/home/tysonv7/srsLTE/build/CMakeFiles/CMakeTmp'
/usr/bin/cmake -E cmake_progress_report /home/tysonv7/srsLTE/build/CMakeFiles/CMakeTmp/CMakeFiles 1
Building C object CMakeFiles/cmTryCompileExec3962659174.dir/CheckFunctionExists.c.o
/usr/bin/cc   -Wall -Wno-write-strings -Wno-format-extra-args -Winline -Wno-unused-result -Wno-format -std=c99 -D_GNU_SOURCE -g -march=native -mfpmath=sse -mavx -DLV_HAVE_AVX -DLV_HAVE_SSE -DCHECK_FUNCTION_EXISTS=volk_32fc_x2_multiply_conjugate_32fc -mavx   -o CMakeFiles/cmTryCompileExec3962659174.dir/CheckFunctionExists.c.o   -c /home/tysonv7/srsLTE/cmake/modules/CheckFunctionExists.c
/home/tysonv7/srsLTE/cmake/modules/CheckFunctionExists.c: In function ‘main’:
/home/tysonv7/srsLTE/cmake/modules/CheckFunctionExists.c:12:3: warning: implicit declaration of function ‘sqrtf’ [-Wimplicit-function-declaration]
   float ac2 = sqrtf(rand());
   ^
/home/tysonv7/srsLTE/cmake/modules/CheckFunctionExists.c:12:15: warning: incompatible implicit declaration of built-in function ‘sqrtf’ [enabled by default]
   float ac2 = sqrtf(rand());
               ^
/home/tysonv7/srsLTE/cmake/modules/CheckFunctionExists.c:12:3: warning: implicit declaration of function ‘rand’ [-Wimplicit-function-declaration]
   float ac2 = sqrtf(rand());
   ^
Linking C executable cmTryCompileExec3962659174
/usr/bin/cmake -E cmake_link_script CMakeFiles/cmTryCompileExec3962659174.dir/link.txt --verbose=1
/usr/bin/cc   -Wall -Wno-write-strings -Wno-format-extra-args -Winline -Wno-unused-result -Wno-format -std=c99 -D_GNU_SOURCE -g -march=native -mfpmath=sse -mavx -DLV_HAVE_AVX -DLV_HAVE_SSE -DCHECK_FUNCTION_EXISTS=volk_32fc_x2_multiply_conjugate_32fc -mavx    CMakeFiles/cmTryCompileExec3962659174.dir/CheckFunctionExists.c.o  -o cmTryCompileExec3962659174 -rdynamic -lvolk -lm 
make[1]: Leaving directory `/home/tysonv7/srsLTE/build/CMakeFiles/CMakeTmp'


Determining if the function volk_32fc_32f_multiply_32fc exists passed with the following output:
Change Dir: /home/tysonv7/srsLTE/build/CMakeFiles/CMakeTmp

Run Build Command:/usr/bin/make "cmTryCompileExec330267854/fast"
/usr/bin/make -f CMakeFiles/cmTryCompileExec330267854.dir/build.make CMakeFiles/cmTryCompileExec330267854.dir/build
make[1]: Entering directory `/home/tysonv7/srsLTE/build/CMakeFiles/CMakeTmp'
/usr/bin/cmake -E cmake_progress_report /home/tysonv7/srsLTE/build/CMakeFiles/CMakeTmp/CMakeFiles 1
Building C object CMakeFiles/cmTryCompileExec330267854.dir/CheckFunctionExists.c.o
/usr/bin/cc   -Wall -Wno-write-strings -Wno-format-extra-args -Winline -Wno-unused-result -Wno-format -std=c99 -D_GNU_SOURCE -g -march=native -mfpmath=sse -mavx -DLV_HAVE_AVX -DLV_HAVE_SSE -DCHECK_FUNCTION_EXISTS=volk_32fc_32f_multiply_32fc -mavx   -o CMakeFiles/cmTryCompileExec330267854.dir/CheckFunctionExists.c.o   -c /home/tysonv7/srsLTE/cmake/modules/CheckFunctionExists.c
/home/tysonv7/srsLTE/cmake/modules/CheckFunctionExists.c: In function ‘main’:
/home/tysonv7/srsLTE/cmake/modules/CheckFunctionExists.c:12:3: warning: implicit declaration of function ‘sqrtf’ [-Wimplicit-function-declaration]
   float ac2 = sqrtf(rand());
   ^
/home/tysonv7/srsLTE/cmake/modules/CheckFunctionExists.c:12:15: warning: incompatible implicit declaration of built-in function ‘sqrtf’ [enabled by default]
   float ac2 = sqrtf(rand());
               ^
/home/tysonv7/srsLTE/cmake/modules/CheckFunctionExists.c:12:3: warning: implicit declaration of function ‘rand’ [-Wimplicit-function-declaration]
   float ac2 = sqrtf(rand());
   ^
Linking C executable cmTryCompileExec330267854
/usr/bin/cmake -E cmake_link_script CMakeFiles/cmTryCompileExec330267854.dir/link.txt --verbose=1
/usr/bin/cc   -Wall -Wno-write-strings -Wno-format-extra-args -Winline -Wno-unused-result -Wno-format -std=c99 -D_GNU_SOURCE -g -march=native -mfpmath=sse -mavx -DLV_HAVE_AVX -DLV_HAVE_SSE -DCHECK_FUNCTION_EXISTS=volk_32fc_32f_multiply_32fc -mavx    CMakeFiles/cmTryCompileExec330267854.dir/CheckFunctionExists.c.o  -o cmTryCompileExec330267854 -rdynamic -lvolk -lm 
make[1]: Leaving directory `/home/tysonv7/srsLTE/build/CMakeFiles/CMakeTmp'


Determining if the function volk_32f_s32f_multiply_32f exists passed with the following output:
Change Dir: /home/tysonv7/srsLTE/build/CMakeFiles/CMakeTmp

Run Build Command:/usr/bin/make "cmTryCompileExec3233882874/fast"
/usr/bin/make -f CMakeFiles/cmTryCompileExec3233882874.dir/build.make CMakeFiles/cmTryCompileExec3233882874.dir/build
make[1]: Entering directory `/home/tysonv7/srsLTE/build/CMakeFiles/CMakeTmp'
/usr/bin/cmake -E cmake_progress_report /home/tysonv7/srsLTE/build/CMakeFiles/CMakeTmp/CMakeFiles 1
Building C object CMakeFiles/cmTryCompileExec3233882874.dir/CheckFunctionExists.c.o
/usr/bin/cc   -Wall -Wno-write-strings -Wno-format-extra-args -Winline -Wno-unused-result -Wno-format -std=c99 -D_GNU_SOURCE -g -march=native -mfpmath=sse -mavx -DLV_HAVE_AVX -DLV_HAVE_SSE -DCHECK_FUNCTION_EXISTS=volk_32f_s32f_multiply_32f -mavx   -o CMakeFiles/cmTryCompileExec3233882874.dir/CheckFunctionExists.c.o   -c /home/tysonv7/srsLTE/cmake/modules/CheckFunctionExists.c
/home/tysonv7/srsLTE/cmake/modules/CheckFunctionExists.c: In function ‘main’:
/home/tysonv7/srsLTE/cmake/modules/CheckFunctionExists.c:12:3: warning: implicit declaration of function ‘sqrtf’ [-Wimplicit-function-declaration]
   float ac2 = sqrtf(rand());
   ^
/home/tysonv7/srsLTE/cmake/modules/CheckFunctionExists.c:12:15: warning: incompatible implicit declaration of built-in function ‘sqrtf’ [enabled by default]
   float ac2 = sqrtf(rand());
               ^
/home/tysonv7/srsLTE/cmake/modules/CheckFunctionExists.c:12:3: warning: implicit declaration of function ‘rand’ [-Wimplicit-function-declaration]
   float ac2 = sqrtf(rand());
   ^
Linking C executable cmTryCompileExec3233882874
/usr/bin/cmake -E cmake_link_script CMakeFiles/cmTryCompileExec3233882874.dir/link.txt --verbose=1
/usr/bin/cc   -Wall -Wno-write-strings -Wno-format-extra-args -Winline -Wno-unused-result -Wno-format -std=c99 -D_GNU_SOURCE -g -march=native -mfpmath=sse -mavx -DLV_HAVE_AVX -DLV_HAVE_SSE -DCHECK_FUNCTION_EXISTS=volk_32f_s32f_multiply_32f -mavx    CMakeFiles/cmTryCompileExec3233882874.dir/CheckFunctionExists.c.o  -o cmTryCompileExec3233882874 -rdynamic -lvolk -lm 
make[1]: Leaving directory `/home/tysonv7/srsLTE/build/CMakeFiles/CMakeTmp'


Determining if the function volk_32f_x2_multiply_32f exists passed with the following output:
Change Dir: /home/tysonv7/srsLTE/build/CMakeFiles/CMakeTmp

Run Build Command:/usr/bin/make "cmTryCompileExec2665341475/fast"
/usr/bin/make -f CMakeFiles/cmTryCompileExec2665341475.dir/build.make CMakeFiles/cmTryCompileExec2665341475.dir/build
make[1]: Entering directory `/home/tysonv7/srsLTE/build/CMakeFiles/CMakeTmp'
/usr/bin/cmake -E cmake_progress_report /home/tysonv7/srsLTE/build/CMakeFiles/CMakeTmp/CMakeFiles 1
Building C object CMakeFiles/cmTryCompileExec2665341475.dir/CheckFunctionExists.c.o
/usr/bin/cc   -Wall -Wno-write-strings -Wno-format-extra-args -Winline -Wno-unused-result -Wno-format -std=c99 -D_GNU_SOURCE -g -march=native -mfpmath=sse -mavx -DLV_HAVE_AVX -DLV_HAVE_SSE -DCHECK_FUNCTION_EXISTS=volk_32f_x2_multiply_32f -mavx   -o CMakeFiles/cmTryCompileExec2665341475.dir/CheckFunctionExists.c.o   -c /home/tysonv7/srsLTE/cmake/modules/CheckFunctionExists.c
/home/tysonv7/srsLTE/cmake/modules/CheckFunctionExists.c: In function ‘main’:
/home/tysonv7/srsLTE/cmake/modules/CheckFunctionExists.c:12:3: warning: implicit declaration of function ‘sqrtf’ [-Wimplicit-function-declaration]
   float ac2 = sqrtf(rand());
   ^
/home/tysonv7/srsLTE/cmake/modules/CheckFunctionExists.c:12:15: warning: incompatible implicit declaration of built-in function ‘sqrtf’ [enabled by default]
   float ac2 = sqrtf(rand());
               ^
/home/tysonv7/srsLTE/cmake/modules/CheckFunctionExists.c:12:3: warning: implicit declaration of function ‘rand’ [-Wimplicit-function-declaration]
   float ac2 = sqrtf(rand());
   ^
Linking C executable cmTryCompileExec2665341475
/usr/bin/cmake -E cmake_link_script CMakeFiles/cmTryCompileExec2665341475.dir/link.txt --verbose=1
/usr/bin/cc   -Wall -Wno-write-strings -Wno-format-extra-args -Winline -Wno-unused-result -Wno-format -std=c99 -D_GNU_SOURCE -g -march=native -mfpmath=sse -mavx -DLV_HAVE_AVX -DLV_HAVE_SSE -DCHECK_FUNCTION_EXISTS=volk_32f_x2_multiply_32f -mavx    CMakeFiles/cmTryCompileExec2665341475.dir/CheckFunctionExists.c.o  -o cmTryCompileExec2665341475 -rdynamic -lvolk -lm 
make[1]: Leaving directory `/home/tysonv7/srsLTE/build/CMakeFiles/CMakeTmp'


Determining if the function volk_32fc_magnitude_32f exists passed with the following output:
Change Dir: /home/tysonv7/srsLTE/build/CMakeFiles/CMakeTmp

Run Build Command:/usr/bin/make "cmTryCompileExec167102700/fast"
/usr/bin/make -f CMakeFiles/cmTryCompileExec167102700.dir/build.make CMakeFiles/cmTryCompileExec167102700.dir/build
make[1]: Entering directory `/home/tysonv7/srsLTE/build/CMakeFiles/CMakeTmp'
/usr/bin/cmake -E cmake_progress_report /home/tysonv7/srsLTE/build/CMakeFiles/CMakeTmp/CMakeFiles 1
Building C object CMakeFiles/cmTryCompileExec167102700.dir/CheckFunctionExists.c.o
/usr/bin/cc   -Wall -Wno-write-strings -Wno-format-extra-args -Winline -Wno-unused-result -Wno-format -std=c99 -D_GNU_SOURCE -g -march=native -mfpmath=sse -mavx -DLV_HAVE_AVX -DLV_HAVE_SSE -DCHECK_FUNCTION_EXISTS=volk_32fc_magnitude_32f -mavx   -o CMakeFiles/cmTryCompileExec167102700.dir/CheckFunctionExists.c.o   -c /home/tysonv7/srsLTE/cmake/modules/CheckFunctionExists.c
/home/tysonv7/srsLTE/cmake/modules/CheckFunctionExists.c: In function ‘main’:
/home/tysonv7/srsLTE/cmake/modules/CheckFunctionExists.c:12:3: warning: implicit declaration of function ‘sqrtf’ [-Wimplicit-function-declaration]
   float ac2 = sqrtf(rand());
   ^
/home/tysonv7/srsLTE/cmake/modules/CheckFunctionExists.c:12:15: warning: incompatible implicit declaration of built-in function ‘sqrtf’ [enabled by default]
   float ac2 = sqrtf(rand());
               ^
/home/tysonv7/srsLTE/cmake/modules/CheckFunctionExists.c:12:3: warning: implicit declaration of function ‘rand’ [-Wimplicit-function-declaration]
   float ac2 = sqrtf(rand());
   ^
Linking C executable cmTryCompileExec167102700
/usr/bin/cmake -E cmake_link_script CMakeFiles/cmTryCompileExec167102700.dir/link.txt --verbose=1
/usr/bin/cc   -Wall -Wno-write-strings -Wno-format-extra-args -Winline -Wno-unused-result -Wno-format -std=c99 -D_GNU_SOURCE -g -march=native -mfpmath=sse -mavx -DLV_HAVE_AVX -DLV_HAVE_SSE -DCHECK_FUNCTION_EXISTS=volk_32fc_magnitude_32f -mavx    CMakeFiles/cmTryCompileExec167102700.dir/CheckFunctionExists.c.o  -o cmTryCompileExec167102700 -rdynamic -lvolk -lm 
make[1]: Leaving directory `/home/tysonv7/srsLTE/build/CMakeFiles/CMakeTmp'


Determining if the function volk_32f_x2_divide_32f exists passed with the following output:
Change Dir: /home/tysonv7/srsLTE/build/CMakeFiles/CMakeTmp

Run Build Command:/usr/bin/make "cmTryCompileExec2287542004/fast"
/usr/bin/make -f CMakeFiles/cmTryCompileExec2287542004.dir/build.make CMakeFiles/cmTryCompileExec2287542004.dir/build
make[1]: Entering directory `/home/tysonv7/srsLTE/build/CMakeFiles/CMakeTmp'
/usr/bin/cmake -E cmake_progress_report /home/tysonv7/srsLTE/build/CMakeFiles/CMakeTmp/CMakeFiles 1
Building C object CMakeFiles/cmTryCompileExec2287542004.dir/CheckFunctionExists.c.o
/usr/bin/cc   -Wall -Wno-write-strings -Wno-format-extra-args -Winline -Wno-unused-result -Wno-format -std=c99 -D_GNU_SOURCE -g -march=native -mfpmath=sse -mavx -DLV_HAVE_AVX -DLV_HAVE_SSE -DCHECK_FUNCTION_EXISTS=volk_32f_x2_divide_32f -mavx   -o CMakeFiles/cmTryCompileExec2287542004.dir/CheckFunctionExists.c.o   -c /home/tysonv7/srsLTE/cmake/modules/CheckFunctionExists.c
/home/tysonv7/srsLTE/cmake/modules/CheckFunctionExists.c: In function ‘main’:
/home/tysonv7/srsLTE/cmake/modules/CheckFunctionExists.c:12:3: warning: implicit declaration of function ‘sqrtf’ [-Wimplicit-function-declaration]
   float ac2 = sqrtf(rand());
   ^
/home/tysonv7/srsLTE/cmake/modules/CheckFunctionExists.c:12:15: warning: incompatible implicit declaration of built-in function ‘sqrtf’ [enabled by default]
   float ac2 = sqrtf(rand());
               ^
/home/tysonv7/srsLTE/cmake/modules/CheckFunctionExists.c:12:3: warning: implicit declaration of function ‘rand’ [-Wimplicit-function-declaration]
   float ac2 = sqrtf(rand());
   ^
Linking C executable cmTryCompileExec2287542004
/usr/bin/cmake -E cmake_link_script CMakeFiles/cmTryCompileExec2287542004.dir/link.txt --verbose=1
/usr/bin/cc   -Wall -Wno-write-strings -Wno-format-extra-args -Winline -Wno-unused-result -Wno-format -std=c99 -D_GNU_SOURCE -g -march=native -mfpmath=sse -mavx -DLV_HAVE_AVX -DLV_HAVE_SSE -DCHECK_FUNCTION_EXISTS=volk_32f_x2_divide_32f -mavx    CMakeFiles/cmTryCompileExec2287542004.dir/CheckFunctionExists.c.o  -o cmTryCompileExec2287542004 -rdynamic -lvolk -lm 
make[1]: Leaving directory `/home/tysonv7/srsLTE/build/CMakeFiles/CMakeTmp'


Determining if the function volk_32fc_32f_dot_prod_32fc exists passed with the following output:
Change Dir: /home/tysonv7/srsLTE/build/CMakeFiles/CMakeTmp

Run Build Command:/usr/bin/make "cmTryCompileExec3303642215/fast"
/usr/bin/make -f CMakeFiles/cmTryCompileExec3303642215.dir/build.make CMakeFiles/cmTryCompileExec3303642215.dir/build
make[1]: Entering directory `/home/tysonv7/srsLTE/build/CMakeFiles/CMakeTmp'
/usr/bin/cmake -E cmake_progress_report /home/tysonv7/srsLTE/build/CMakeFiles/CMakeTmp/CMakeFiles 1
Building C object CMakeFiles/cmTryCompileExec3303642215.dir/CheckFunctionExists.c.o
/usr/bin/cc   -Wall -Wno-write-strings -Wno-format-extra-args -Winline -Wno-unused-result -Wno-format -std=c99 -D_GNU_SOURCE -g -march=native -mfpmath=sse -mavx -DLV_HAVE_AVX -DLV_HAVE_SSE -DCHECK_FUNCTION_EXISTS=volk_32fc_32f_dot_prod_32fc -mavx   -o CMakeFiles/cmTryCompileExec3303642215.dir/CheckFunctionExists.c.o   -c /home/tysonv7/srsLTE/cmake/modules/CheckFunctionExists.c
/home/tysonv7/srsLTE/cmake/modules/CheckFunctionExists.c: In function ‘main’:
/home/tysonv7/srsLTE/cmake/modules/CheckFunctionExists.c:12:3: warning: implicit declaration of function ‘sqrtf’ [-Wimplicit-function-declaration]
   float ac2 = sqrtf(rand());
   ^
/home/tysonv7/srsLTE/cmake/modules/CheckFunctionExists.c:12:15: warning: incompatible implicit declaration of built-in function ‘sqrtf’ [enabled by default]
   float ac2 = sqrtf(rand());
               ^
/home/tysonv7/srsLTE/cmake/modules/CheckFunctionExists.c:12:3: warning: implicit declaration of function ‘rand’ [-Wimplicit-function-declaration]
   float ac2 = sqrtf(rand());
   ^
Linking C executable cmTryCompileExec3303642215
/usr/bin/cmake -E cmake_link_script CMakeFiles/cmTryCompileExec3303642215.dir/link.txt --verbose=1
/usr/bin/cc   -Wall -Wno-write-strings -Wno-format-extra-args -Winline -Wno-unused-result -Wno-format -std=c99 -D_GNU_SOURCE -g -march=native -mfpmath=sse -mavx -DLV_HAVE_AVX -DLV_HAVE_SSE -DCHECK_FUNCTION_EXISTS=volk_32fc_32f_dot_prod_32fc -mavx    CMakeFiles/cmTryCompileExec3303642215.dir/CheckFunctionExists.c.o  -o cmTryCompileExec3303642215 -rdynamic -lvolk -lm 
make[1]: Leaving directory `/home/tysonv7/srsLTE/build/CMakeFiles/CMakeTmp'


Determining if the function volk_32fc_x2_conjugate_dot_prod_32fc exists passed with the following output:
Change Dir: /home/tysonv7/srsLTE/build/CMakeFiles/CMakeTmp

Run Build Command:/usr/bin/make "cmTryCompileExec2302625421/fast"
/usr/bin/make -f CMakeFiles/cmTryCompileExec2302625421.dir/build.make CMakeFiles/cmTryCompileExec2302625421.dir/build
make[1]: Entering directory `/home/tysonv7/srsLTE/build/CMakeFiles/CMakeTmp'
/usr/bin/cmake -E cmake_progress_report /home/tysonv7/srsLTE/build/CMakeFiles/CMakeTmp/CMakeFiles 1
Building C object CMakeFiles/cmTryCompileExec2302625421.dir/CheckFunctionExists.c.o
/usr/bin/cc   -Wall -Wno-write-strings -Wno-format-extra-args -Winline -Wno-unused-result -Wno-format -std=c99 -D_GNU_SOURCE -g -march=native -mfpmath=sse -mavx -DLV_HAVE_AVX -DLV_HAVE_SSE -DCHECK_FUNCTION_EXISTS=volk_32fc_x2_conjugate_dot_prod_32fc -mavx   -o CMakeFiles/cmTryCompileExec2302625421.dir/CheckFunctionExists.c.o   -c /home/tysonv7/srsLTE/cmake/modules/CheckFunctionExists.c
/home/tysonv7/srsLTE/cmake/modules/CheckFunctionExists.c: In function ‘main’:
/home/tysonv7/srsLTE/cmake/modules/CheckFunctionExists.c:12:3: warning: implicit declaration of function ‘sqrtf’ [-Wimplicit-function-declaration]
   float ac2 = sqrtf(rand());
   ^
/home/tysonv7/srsLTE/cmake/modules/CheckFunctionExists.c:12:15: warning: incompatible implicit declaration of built-in function ‘sqrtf’ [enabled by default]
   float ac2 = sqrtf(rand());
               ^
/home/tysonv7/srsLTE/cmake/modules/CheckFunctionExists.c:12:3: warning: implicit declaration of function ‘rand’ [-Wimplicit-function-declaration]
   float ac2 = sqrtf(rand());
   ^
Linking C executable cmTryCompileExec2302625421
/usr/bin/cmake -E cmake_link_script CMakeFiles/cmTryCompileExec2302625421.dir/link.txt --verbose=1
/usr/bin/cc   -Wall -Wno-write-strings -Wno-format-extra-args -Winline -Wno-unused-result -Wno-format -std=c99 -D_GNU_SOURCE -g -march=native -mfpmath=sse -mavx -DLV_HAVE_AVX -DLV_HAVE_SSE -DCHECK_FUNCTION_EXISTS=volk_32fc_x2_conjugate_dot_prod_32fc -mavx    CMakeFiles/cmTryCompileExec2302625421.dir/CheckFunctionExists.c.o  -o cmTryCompileExec2302625421 -rdynamic -lvolk -lm 
make[1]: Leaving directory `/home/tysonv7/srsLTE/build/CMakeFiles/CMakeTmp'


Determining if the function volk_32f_x2_dot_prod_32f exists passed with the following output:
Change Dir: /home/tysonv7/srsLTE/build/CMakeFiles/CMakeTmp

Run Build Command:/usr/bin/make "cmTryCompileExec647856508/fast"
/usr/bin/make -f CMakeFiles/cmTryCompileExec647856508.dir/build.make CMakeFiles/cmTryCompileExec647856508.dir/build
make[1]: Entering directory `/home/tysonv7/srsLTE/build/CMakeFiles/CMakeTmp'
/usr/bin/cmake -E cmake_progress_report /home/tysonv7/srsLTE/build/CMakeFiles/CMakeTmp/CMakeFiles 1
Building C object CMakeFiles/cmTryCompileExec647856508.dir/CheckFunctionExists.c.o
/usr/bin/cc   -Wall -Wno-write-strings -Wno-format-extra-args -Winline -Wno-unused-result -Wno-format -std=c99 -D_GNU_SOURCE -g -march=native -mfpmath=sse -mavx -DLV_HAVE_AVX -DLV_HAVE_SSE -DCHECK_FUNCTION_EXISTS=volk_32f_x2_dot_prod_32f -mavx   -o CMakeFiles/cmTryCompileExec647856508.dir/CheckFunctionExists.c.o   -c /home/tysonv7/srsLTE/cmake/modules/CheckFunctionExists.c
/home/tysonv7/srsLTE/cmake/modules/CheckFunctionExists.c: In function ‘main’:
/home/tysonv7/srsLTE/cmake/modules/CheckFunctionExists.c:12:3: warning: implicit declaration of function ‘sqrtf’ [-Wimplicit-function-declaration]
   float ac2 = sqrtf(rand());
   ^
/home/tysonv7/srsLTE/cmake/modules/CheckFunctionExists.c:12:15: warning: incompatible implicit declaration of built-in function ‘sqrtf’ [enabled by default]
   float ac2 = sqrtf(rand());
               ^
/home/tysonv7/srsLTE/cmake/modules/CheckFunctionExists.c:12:3: warning: implicit declaration of function ‘rand’ [-Wimplicit-function-declaration]
   float ac2 = sqrtf(rand());
   ^
Linking C executable cmTryCompileExec647856508
/usr/bin/cmake -E cmake_link_script CMakeFiles/cmTryCompileExec647856508.dir/link.txt --verbose=1
/usr/bin/cc   -Wall -Wno-write-strings -Wno-format-extra-args -Winline -Wno-unused-result -Wno-format -std=c99 -D_GNU_SOURCE -g -march=native -mfpmath=sse -mavx -DLV_HAVE_AVX -DLV_HAVE_SSE -DCHECK_FUNCTION_EXISTS=volk_32f_x2_dot_prod_32f -mavx    CMakeFiles/cmTryCompileExec647856508.dir/CheckFunctionExists.c.o  -o cmTryCompileExec647856508 -rdynamic -lvolk -lm 
make[1]: Leaving directory `/home/tysonv7/srsLTE/build/CMakeFiles/CMakeTmp'


Determining if the function volk_32fc_s32f_atan2_32f exists passed with the following output:
Change Dir: /home/tysonv7/srsLTE/build/CMakeFiles/CMakeTmp

Run Build Command:/usr/bin/make "cmTryCompileExec3179000699/fast"
/usr/bin/make -f CMakeFiles/cmTryCompileExec3179000699.dir/build.make CMakeFiles/cmTryCompileExec3179000699.dir/build
make[1]: Entering directory `/home/tysonv7/srsLTE/build/CMakeFiles/CMakeTmp'
/usr/bin/cmake -E cmake_progress_report /home/tysonv7/srsLTE/build/CMakeFiles/CMakeTmp/CMakeFiles 1
Building C object CMakeFiles/cmTryCompileExec3179000699.dir/CheckFunctionExists.c.o
/usr/bin/cc   -Wall -Wno-write-strings -Wno-format-extra-args -Winline -Wno-unused-result -Wno-format -std=c99 -D_GNU_SOURCE -g -march=native -mfpmath=sse -mavx -DLV_HAVE_AVX -DLV_HAVE_SSE -DCHECK_FUNCTION_EXISTS=volk_32fc_s32f_atan2_32f -mavx   -o CMakeFiles/cmTryCompileExec3179000699.dir/CheckFunctionExists.c.o   -c /home/tysonv7/srsLTE/cmake/modules/CheckFunctionExists.c
/home/tysonv7/srsLTE/cmake/modules/CheckFunctionExists.c: In function ‘main’:
/home/tysonv7/srsLTE/cmake/modules/CheckFunctionExists.c:12:3: warning: implicit declaration of function ‘sqrtf’ [-Wimplicit-function-declaration]
   float ac2 = sqrtf(rand());
   ^
/home/tysonv7/srsLTE/cmake/modules/CheckFunctionExists.c:12:15: warning: incompatible implicit declaration of built-in function ‘sqrtf’ [enabled by default]
   float ac2 = sqrtf(rand());
               ^
/home/tysonv7/srsLTE/cmake/modules/CheckFunctionExists.c:12:3: warning: implicit declaration of function ‘rand’ [-Wimplicit-function-declaration]
   float ac2 = sqrtf(rand());
   ^
Linking C executable cmTryCompileExec3179000699
/usr/bin/cmake -E cmake_link_script CMakeFiles/cmTryCompileExec3179000699.dir/link.txt --verbose=1
/usr/bin/cc   -Wall -Wno-write-strings -Wno-format-extra-args -Winline -Wno-unused-result -Wno-format -std=c99 -D_GNU_SOURCE -g -march=native -mfpmath=sse -mavx -DLV_HAVE_AVX -DLV_HAVE_SSE -DCHECK_FUNCTION_EXISTS=volk_32fc_s32f_atan2_32f -mavx    CMakeFiles/cmTryCompileExec3179000699.dir/CheckFunctionExists.c.o  -o cmTryCompileExec3179000699 -rdynamic -lvolk -lm 
make[1]: Leaving directory `/home/tysonv7/srsLTE/build/CMakeFiles/CMakeTmp'


Determining if the function volk_32f_s32f_convert_16i exists passed with the following output:
Change Dir: /home/tysonv7/srsLTE/build/CMakeFiles/CMakeTmp

Run Build Command:/usr/bin/make "cmTryCompileExec100083301/fast"
/usr/bin/make -f CMakeFiles/cmTryCompileExec100083301.dir/build.make CMakeFiles/cmTryCompileExec100083301.dir/build
make[1]: Entering directory `/home/tysonv7/srsLTE/build/CMakeFiles/CMakeTmp'
/usr/bin/cmake -E cmake_progress_report /home/tysonv7/srsLTE/build/CMakeFiles/CMakeTmp/CMakeFiles 1
Building C object CMakeFiles/cmTryCompileExec100083301.dir/CheckFunctionExists.c.o
/usr/bin/cc   -Wall -Wno-write-strings -Wno-format-extra-args -Winline -Wno-unused-result -Wno-format -std=c99 -D_GNU_SOURCE -g -march=native -mfpmath=sse -mavx -DLV_HAVE_AVX -DLV_HAVE_SSE -DCHECK_FUNCTION_EXISTS=volk_32f_s32f_convert_16i -mavx   -o CMakeFiles/cmTryCompileExec100083301.dir/CheckFunctionExists.c.o   -c /home/tysonv7/srsLTE/cmake/modules/CheckFunctionExists.c
/home/tysonv7/srsLTE/cmake/modules/CheckFunctionExists.c: In function ‘main’:
/home/tysonv7/srsLTE/cmake/modules/CheckFunctionExists.c:12:3: warning: implicit declaration of function ‘sqrtf’ [-Wimplicit-function-declaration]
   float ac2 = sqrtf(rand());
   ^
/home/tysonv7/srsLTE/cmake/modules/CheckFunctionExists.c:12:15: warning: incompatible implicit declaration of built-in function ‘sqrtf’ [enabled by default]
   float ac2 = sqrtf(rand());
               ^
/home/tysonv7/srsLTE/cmake/modules/CheckFunctionExists.c:12:3: warning: implicit declaration of function ‘rand’ [-Wimplicit-function-declaration]
   float ac2 = sqrtf(rand());
   ^
Linking C executable cmTryCompileExec100083301
/usr/bin/cmake -E cmake_link_script CMakeFiles/cmTryCompileExec100083301.dir/link.txt --verbose=1
/usr/bin/cc   -Wall -Wno-write-strings -Wno-format-extra-args -Winline -Wno-unused-result -Wno-format -std=c99 -D_GNU_SOURCE -g -march=native -mfpmath=sse -mavx -DLV_HAVE_AVX -DLV_HAVE_SSE -DCHECK_FUNCTION_EXISTS=volk_32f_s32f_convert_16i -mavx    CMakeFiles/cmTryCompileExec100083301.dir/CheckFunctionExists.c.o  -o cmTryCompileExec100083301 -rdynamic -lvolk -lm 
make[1]: Leaving directory `/home/tysonv7/srsLTE/build/CMakeFiles/CMakeTmp'


Determining if the function volk_32fc_deinterleave_32f_x2 exists passed with the following output:
Change Dir: /home/tysonv7/srsLTE/build/CMakeFiles/CMakeTmp

Run Build Command:/usr/bin/make "cmTryCompileExec1375177373/fast"
/usr/bin/make -f CMakeFiles/cmTryCompileExec1375177373.dir/build.make CMakeFiles/cmTryCompileExec1375177373.dir/build
make[1]: Entering directory `/home/tysonv7/srsLTE/build/CMakeFiles/CMakeTmp'
/usr/bin/cmake -E cmake_progress_report /home/tysonv7/srsLTE/build/CMakeFiles/CMakeTmp/CMakeFiles 1
Building C object CMakeFiles/cmTryCompileExec1375177373.dir/CheckFunctionExists.c.o
/usr/bin/cc   -Wall -Wno-write-strings -Wno-format-extra-args -Winline -Wno-unused-result -Wno-format -std=c99 -D_GNU_SOURCE -g -march=native -mfpmath=sse -mavx -DLV_HAVE_AVX -DLV_HAVE_SSE -DCHECK_FUNCTION_EXISTS=volk_32fc_deinterleave_32f_x2 -mavx   -o CMakeFiles/cmTryCompileExec1375177373.dir/CheckFunctionExists.c.o   -c /home/tysonv7/srsLTE/cmake/modules/CheckFunctionExists.c
/home/tysonv7/srsLTE/cmake/modules/CheckFunctionExists.c: In function ‘main’:
/home/tysonv7/srsLTE/cmake/modules/CheckFunctionExists.c:12:3: warning: implicit declaration of function ‘sqrtf’ [-Wimplicit-function-declaration]
   float ac2 = sqrtf(rand());
   ^
/home/tysonv7/srsLTE/cmake/modules/CheckFunctionExists.c:12:15: warning: incompatible implicit declaration of built-in function ‘sqrtf’ [enabled by default]
   float ac2 = sqrtf(rand());
               ^
/home/tysonv7/srsLTE/cmake/modules/CheckFunctionExists.c:12:3: warning: implicit declaration of function ‘rand’ [-Wimplicit-function-declaration]
   float ac2 = sqrtf(rand());
   ^
Linking C executable cmTryCompileExec1375177373
/usr/bin/cmake -E cmake_link_script CMakeFiles/cmTryCompileExec1375177373.dir/link.txt --verbose=1
/usr/bin/cc   -Wall -Wno-write-strings -Wno-format-extra-args -Winline -Wno-unused-result -Wno-format -std=c99 -D_GNU_SOURCE -g -march=native -mfpmath=sse -mavx -DLV_HAVE_AVX -DLV_HAVE_SSE -DCHECK_FUNCTION_EXISTS=volk_32fc_deinterleave_32f_x2 -mavx    CMakeFiles/cmTryCompileExec1375177373.dir/CheckFunctionExists.c.o  -o cmTryCompileExec1375177373 -rdynamic -lvolk -lm 
make[1]: Leaving directory `/home/tysonv7/srsLTE/build/CMakeFiles/CMakeTmp'


Determining if the function volk_32f_x2_subtract_32f exists passed with the following output:
Change Dir: /home/tysonv7/srsLTE/build/CMakeFiles/CMakeTmp

Run Build Command:/usr/bin/make "cmTryCompileExec1206113794/fast"
/usr/bin/make -f CMakeFiles/cmTryCompileExec1206113794.dir/build.make CMakeFiles/cmTryCompileExec1206113794.dir/build
make[1]: Entering directory `/home/tysonv7/srsLTE/build/CMakeFiles/CMakeTmp'
/usr/bin/cmake -E cmake_progress_report /home/tysonv7/srsLTE/build/CMakeFiles/CMakeTmp/CMakeFiles 1
Building C object CMakeFiles/cmTryCompileExec1206113794.dir/CheckFunctionExists.c.o
/usr/bin/cc   -Wall -Wno-write-strings -Wno-format-extra-args -Winline -Wno-unused-result -Wno-format -std=c99 -D_GNU_SOURCE -g -march=native -mfpmath=sse -mavx -DLV_HAVE_AVX -DLV_HAVE_SSE -DCHECK_FUNCTION_EXISTS=volk_32f_x2_subtract_32f -mavx   -o CMakeFiles/cmTryCompileExec1206113794.dir/CheckFunctionExists.c.o   -c /home/tysonv7/srsLTE/cmake/modules/CheckFunctionExists.c
/home/tysonv7/srsLTE/cmake/modules/CheckFunctionExists.c: In function ‘main’:
/home/tysonv7/srsLTE/cmake/modules/CheckFunctionExists.c:12:3: warning: implicit declaration of function ‘sqrtf’ [-Wimplicit-function-declaration]
   float ac2 = sqrtf(rand());
   ^
/home/tysonv7/srsLTE/cmake/modules/CheckFunctionExists.c:12:15: warning: incompatible implicit declaration of built-in function ‘sqrtf’ [enabled by default]
   float ac2 = sqrtf(rand());
               ^
/home/tysonv7/srsLTE/cmake/modules/CheckFunctionExists.c:12:3: warning: implicit declaration of function ‘rand’ [-Wimplicit-function-declaration]
   float ac2 = sqrtf(rand());
   ^
Linking C executable cmTryCompileExec1206113794
/usr/bin/cmake -E cmake_link_script CMakeFiles/cmTryCompileExec1206113794.dir/link.txt --verbose=1
/usr/bin/cc   -Wall -Wno-write-strings -Wno-format-extra-args -Winline -Wno-unused-result -Wno-format -std=c99 -D_GNU_SOURCE -g -march=native -mfpmath=sse -mavx -DLV_HAVE_AVX -DLV_HAVE_SSE -DCHECK_FUNCTION_EXISTS=volk_32f_x2_subtract_32f -mavx    CMakeFiles/cmTryCompileExec1206113794.dir/CheckFunctionExists.c.o  -o cmTryCompileExec1206113794 -rdynamic -lvolk -lm 
make[1]: Leaving directory `/home/tysonv7/srsLTE/build/CMakeFiles/CMakeTmp'


Determining if the function volk_32fc_x2_square_dist_32f exists passed with the following output:
Change Dir: /home/tysonv7/srsLTE/build/CMakeFiles/CMakeTmp

Run Build Command:/usr/bin/make "cmTryCompileExec2554154523/fast"
/usr/bin/make -f CMakeFiles/cmTryCompileExec2554154523.dir/build.make CMakeFiles/cmTryCompileExec2554154523.dir/build
make[1]: Entering directory `/home/tysonv7/srsLTE/build/CMakeFiles/CMakeTmp'
/usr/bin/cmake -E cmake_progress_report /home/tysonv7/srsLTE/build/CMakeFiles/CMakeTmp/CMakeFiles 1
Building C object CMakeFiles/cmTryCompileExec2554154523.dir/CheckFunctionExists.c.o
/usr/bin/cc   -Wall -Wno-write-strings -Wno-format-extra-args -Winline -Wno-unused-result -Wno-format -std=c99 -D_GNU_SOURCE -g -march=native -mfpmath=sse -mavx -DLV_HAVE_AVX -DLV_HAVE_SSE -DCHECK_FUNCTION_EXISTS=volk_32fc_x2_square_dist_32f -mavx   -o CMakeFiles/cmTryCompileExec2554154523.dir/CheckFunctionExists.c.o   -c /home/tysonv7/srsLTE/cmake/modules/CheckFunctionExists.c
/home/tysonv7/srsLTE/cmake/modules/CheckFunctionExists.c: In function ‘main’:
/home/tysonv7/srsLTE/cmake/modules/CheckFunctionExists.c:12:3: warning: implicit declaration of function ‘sqrtf’ [-Wimplicit-function-declaration]
   float ac2 = sqrtf(rand());
   ^
/home/tysonv7/srsLTE/cmake/modules/CheckFunctionExists.c:12:15: warning: incompatible implicit declaration of built-in function ‘sqrtf’ [enabled by default]
   float ac2 = sqrtf(rand());
               ^
/home/tysonv7/srsLTE/cmake/modules/CheckFunctionExists.c:12:3: warning: implicit declaration of function ‘rand’ [-Wimplicit-function-declaration]
   float ac2 = sqrtf(rand());
   ^
Linking C executable cmTryCompileExec2554154523
/usr/bin/cmake -E cmake_link_script CMakeFiles/cmTryCompileExec2554154523.dir/link.txt --verbose=1
/usr/bin/cc   -Wall -Wno-write-strings -Wno-format-extra-args -Winline -Wno-unused-result -Wno-format -std=c99 -D_GNU_SOURCE -g -march=native -mfpmath=sse -mavx -DLV_HAVE_AVX -DLV_HAVE_SSE -DCHECK_FUNCTION_EXISTS=volk_32fc_x2_square_dist_32f -mavx    CMakeFiles/cmTryCompileExec2554154523.dir/CheckFunctionExists.c.o  -o cmTryCompileExec2554154523 -rdynamic -lvolk -lm 
make[1]: Leaving directory `/home/tysonv7/srsLTE/build/CMakeFiles/CMakeTmp'


Determining if the function volk_32fc_index_max_16u exists passed with the following output:
Change Dir: /home/tysonv7/srsLTE/build/CMakeFiles/CMakeTmp

Run Build Command:/usr/bin/make "cmTryCompileExec141393514/fast"
/usr/bin/make -f CMakeFiles/cmTryCompileExec141393514.dir/build.make CMakeFiles/cmTryCompileExec141393514.dir/build
make[1]: Entering directory `/home/tysonv7/srsLTE/build/CMakeFiles/CMakeTmp'
/usr/bin/cmake -E cmake_progress_report /home/tysonv7/srsLTE/build/CMakeFiles/CMakeTmp/CMakeFiles 1
Building C object CMakeFiles/cmTryCompileExec141393514.dir/CheckFunctionExists.c.o
/usr/bin/cc   -Wall -Wno-write-strings -Wno-format-extra-args -Winline -Wno-unused-result -Wno-format -std=c99 -D_GNU_SOURCE -g -march=native -mfpmath=sse -mavx -DLV_HAVE_AVX -DLV_HAVE_SSE -DCHECK_FUNCTION_EXISTS=volk_32fc_index_max_16u -mavx   -o CMakeFiles/cmTryCompileExec141393514.dir/CheckFunctionExists.c.o   -c /home/tysonv7/srsLTE/cmake/modules/CheckFunctionExists.c
/home/tysonv7/srsLTE/cmake/modules/CheckFunctionExists.c: In function ‘main’:
/home/tysonv7/srsLTE/cmake/modules/CheckFunctionExists.c:12:3: warning: implicit declaration of function ‘sqrtf’ [-Wimplicit-function-declaration]
   float ac2 = sqrtf(rand());
   ^
/home/tysonv7/srsLTE/cmake/modules/CheckFunctionExists.c:12:15: warning: incompatible implicit declaration of built-in function ‘sqrtf’ [enabled by default]
   float ac2 = sqrtf(rand());
               ^
/home/tysonv7/srsLTE/cmake/modules/CheckFunctionExists.c:12:3: warning: implicit declaration of function ‘rand’ [-Wimplicit-function-declaration]
   float ac2 = sqrtf(rand());
   ^
Linking C executable cmTryCompileExec141393514
/usr/bin/cmake -E cmake_link_script CMakeFiles/cmTryCompileExec141393514.dir/link.txt --verbose=1
/usr/bin/cc   -Wall -Wno-write-strings -Wno-format-extra-args -Winline -Wno-unused-result -Wno-format -std=c99 -D_GNU_SOURCE -g -march=native -mfpmath=sse -mavx -DLV_HAVE_AVX -DLV_HAVE_SSE -DCHECK_FUNCTION_EXISTS=volk_32fc_index_max_16u -mavx    CMakeFiles/cmTryCompileExec141393514.dir/CheckFunctionExists.c.o  -o cmTryCompileExec141393514 -rdynamic -lvolk -lm 
make[1]: Leaving directory `/home/tysonv7/srsLTE/build/CMakeFiles/CMakeTmp'


Determining if the function volk_16i_s32f_convert_32f exists passed with the following output:
Change Dir: /home/tysonv7/srsLTE/build/CMakeFiles/CMakeTmp

Run Build Command:/usr/bin/make "cmTryCompileExec2550925337/fast"
/usr/bin/make -f CMakeFiles/cmTryCompileExec2550925337.dir/build.make CMakeFiles/cmTryCompileExec2550925337.dir/build
make[1]: Entering directory `/home/tysonv7/srsLTE/build/CMakeFiles/CMakeTmp'
/usr/bin/cmake -E cmake_progress_report /home/tysonv7/srsLTE/build/CMakeFiles/CMakeTmp/CMakeFiles 1
Building C object CMakeFiles/cmTryCompileExec2550925337.dir/CheckFunctionExists.c.o
/usr/bin/cc   -Wall -Wno-write-strings -Wno-format-extra-args -Winline -Wno-unused-result -Wno-format -std=c99 -D_GNU_SOURCE -g -march=native -mfpmath=sse -mavx -DLV_HAVE_AVX -DLV_HAVE_SSE -DCHECK_FUNCTION_EXISTS=volk_16i_s32f_convert_32f -mavx   -o CMakeFiles/cmTryCompileExec2550925337.dir/CheckFunctionExists.c.o   -c /home/tysonv7/srsLTE/cmake/modules/CheckFunctionExists.c
/home/tysonv7/srsLTE/cmake/modules/CheckFunctionExists.c: In function ‘main’:
/home/tysonv7/srsLTE/cmake/modules/CheckFunctionExists.c:12:3: warning: implicit declaration of function ‘sqrtf’ [-Wimplicit-function-declaration]
   float ac2 = sqrtf(rand());
   ^
/home/tysonv7/srsLTE/cmake/modules/CheckFunctionExists.c:12:15: warning: incompatible implicit declaration of built-in function ‘sqrtf’ [enabled by default]
   float ac2 = sqrtf(rand());
               ^
/home/tysonv7/srsLTE/cmake/modules/CheckFunctionExists.c:12:3: warning: implicit declaration of function ‘rand’ [-Wimplicit-function-declaration]
   float ac2 = sqrtf(rand());
   ^
Linking C executable cmTryCompileExec2550925337
/usr/bin/cmake -E cmake_link_script CMakeFiles/cmTryCompileExec2550925337.dir/link.txt --verbose=1
/usr/bin/cc   -Wall -Wno-write-strings -Wno-format-extra-args -Winline -Wno-unused-result -Wno-format -std=c99 -D_GNU_SOURCE -g -march=native -mfpmath=sse -mavx -DLV_HAVE_AVX -DLV_HAVE_SSE -DCHECK_FUNCTION_EXISTS=volk_16i_s32f_convert_32f -mavx    CMakeFiles/cmTryCompileExec2550925337.dir/CheckFunctionExists.c.o  -o cmTryCompileExec2550925337 -rdynamic -lvolk -lm 
make[1]: Leaving directory `/home/tysonv7/srsLTE/build/CMakeFiles/CMakeTmp'


Determining if the function volk_32f_x2_max_32f exists passed with the following output:
Change Dir: /home/tysonv7/srsLTE/build/CMakeFiles/CMakeTmp

Run Build Command:/usr/bin/make "cmTryCompileExec3382437682/fast"
/usr/bin/make -f CMakeFiles/cmTryCompileExec3382437682.dir/build.make CMakeFiles/cmTryCompileExec3382437682.dir/build
make[1]: Entering directory `/home/tysonv7/srsLTE/build/CMakeFiles/CMakeTmp'
/usr/bin/cmake -E cmake_progress_report /home/tysonv7/srsLTE/build/CMakeFiles/CMakeTmp/CMakeFiles 1
Building C object CMakeFiles/cmTryCompileExec3382437682.dir/CheckFunctionExists.c.o
/usr/bin/cc   -Wall -Wno-write-strings -Wno-format-extra-args -Winline -Wno-unused-result -Wno-format -std=c99 -D_GNU_SOURCE -g -march=native -mfpmath=sse -mavx -DLV_HAVE_AVX -DLV_HAVE_SSE -DCHECK_FUNCTION_EXISTS=volk_32f_x2_max_32f -mavx   -o CMakeFiles/cmTryCompileExec3382437682.dir/CheckFunctionExists.c.o   -c /home/tysonv7/srsLTE/cmake/modules/CheckFunctionExists.c
/home/tysonv7/srsLTE/cmake/modules/CheckFunctionExists.c: In function ‘main’:
/home/tysonv7/srsLTE/cmake/modules/CheckFunctionExists.c:12:3: warning: implicit declaration of function ‘sqrtf’ [-Wimplicit-function-declaration]
   float ac2 = sqrtf(rand());
   ^
/home/tysonv7/srsLTE/cmake/modules/CheckFunctionExists.c:12:15: warning: incompatible implicit declaration of built-in function ‘sqrtf’ [enabled by default]
   float ac2 = sqrtf(rand());
               ^
/home/tysonv7/srsLTE/cmake/modules/CheckFunctionExists.c:12:3: warning: implicit declaration of function ‘rand’ [-Wimplicit-function-declaration]
   float ac2 = sqrtf(rand());
   ^
Linking C executable cmTryCompileExec3382437682
/usr/bin/cmake -E cmake_link_script CMakeFiles/cmTryCompileExec3382437682.dir/link.txt --verbose=1
/usr/bin/cc   -Wall -Wno-write-strings -Wno-format-extra-args -Winline -Wno-unused-result -Wno-format -std=c99 -D_GNU_SOURCE -g -march=native -mfpmath=sse -mavx -DLV_HAVE_AVX -DLV_HAVE_SSE -DCHECK_FUNCTION_EXISTS=volk_32f_x2_max_32f -mavx    CMakeFiles/cmTryCompileExec3382437682.dir/CheckFunctionExists.c.o  -o cmTryCompileExec3382437682 -rdynamic /usr/local/lib/libvolk.so -lm -Wl,-rpath,/usr/local/lib 
make[1]: Leaving directory `/home/tysonv7/srsLTE/build/CMakeFiles/CMakeTmp'


Determining if the function volk_32fc_magnitude_squared_32f exists passed with the following output:
Change Dir: /home/tysonv7/srsLTE/build/CMakeFiles/CMakeTmp

Run Build Command:/usr/bin/make "cmTryCompileExec3745952182/fast"
/usr/bin/make -f CMakeFiles/cmTryCompileExec3745952182.dir/build.make CMakeFiles/cmTryCompileExec3745952182.dir/build
make[1]: Entering directory `/home/tysonv7/srsLTE/build/CMakeFiles/CMakeTmp'
/usr/bin/cmake -E cmake_progress_report /home/tysonv7/srsLTE/build/CMakeFiles/CMakeTmp/CMakeFiles 1
Building C object CMakeFiles/cmTryCompileExec3745952182.dir/CheckFunctionExists.c.o
/usr/bin/cc   -Wall -Wno-write-strings -Wno-format-extra-args -Winline -Wno-unused-result -Wno-format -std=c99 -D_GNU_SOURCE -g -march=native -mfpmath=sse -mavx -DLV_HAVE_AVX -DLV_HAVE_SSE -DCHECK_FUNCTION_EXISTS=volk_32fc_magnitude_squared_32f -mavx   -o CMakeFiles/cmTryCompileExec3745952182.dir/CheckFunctionExists.c.o   -c /home/tysonv7/srsLTE/cmake/modules/CheckFunctionExists.c
/home/tysonv7/srsLTE/cmake/modules/CheckFunctionExists.c: In function ‘main’:
/home/tysonv7/srsLTE/cmake/modules/CheckFunctionExists.c:12:3: warning: implicit declaration of function ‘sqrtf’ [-Wimplicit-function-declaration]
   float ac2 = sqrtf(rand());
   ^
/home/tysonv7/srsLTE/cmake/modules/CheckFunctionExists.c:12:15: warning: incompatible implicit declaration of built-in function ‘sqrtf’ [enabled by default]
   float ac2 = sqrtf(rand());
               ^
/home/tysonv7/srsLTE/cmake/modules/CheckFunctionExists.c:12:3: warning: implicit declaration of function ‘rand’ [-Wimplicit-function-declaration]
   float ac2 = sqrtf(rand());
   ^
Linking C executable cmTryCompileExec3745952182
/usr/bin/cmake -E cmake_link_script CMakeFiles/cmTryCompileExec3745952182.dir/link.txt --verbose=1
/usr/bin/cc   -Wall -Wno-write-strings -Wno-format-extra-args -Winline -Wno-unused-result -Wno-format -std=c99 -D_GNU_SOURCE -g -march=native -mfpmath=sse -mavx -DLV_HAVE_AVX -DLV_HAVE_SSE -DCHECK_FUNCTION_EXISTS=volk_32fc_magnitude_squared_32f -mavx    CMakeFiles/cmTryCompileExec3745952182.dir/CheckFunctionExists.c.o  -o cmTryCompileExec3745952182 -rdynamic /usr/local/lib/libvolk.so -lm -Wl,-rpath,/usr/local/lib 
make[1]: Leaving directory `/home/tysonv7/srsLTE/build/CMakeFiles/CMakeTmp'


Determining if the function volk_32fc_32f_dot_prod_32fc exists passed with the following output:
Change Dir: /home/tysonv7/srsLTE/build/CMakeFiles/CMakeTmp

Run Build Command:/usr/bin/make "cmTryCompileExec1936546332/fast"
/usr/bin/make -f CMakeFiles/cmTryCompileExec1936546332.dir/build.make CMakeFiles/cmTryCompileExec1936546332.dir/build
make[1]: Entering directory `/home/tysonv7/srsLTE/build/CMakeFiles/CMakeTmp'
/usr/bin/cmake -E cmake_progress_report /home/tysonv7/srsLTE/build/CMakeFiles/CMakeTmp/CMakeFiles 1
Building C object CMakeFiles/cmTryCompileExec1936546332.dir/CheckFunctionExists.c.o
/usr/bin/cc   -Wall -Wno-write-strings -Wno-format-extra-args -Winline -Wno-unused-result -Wno-format -std=c99 -D_GNU_SOURCE -g -march=native -mfpmath=sse -mavx -DLV_HAVE_AVX -DLV_HAVE_SSE -DCHECK_FUNCTION_EXISTS=volk_32fc_32f_dot_prod_32fc -mavx   -o CMakeFiles/cmTryCompileExec1936546332.dir/CheckFunctionExists.c.o   -c /home/tysonv7/srsLTE/cmake/modules/CheckFunctionExists.c
/home/tysonv7/srsLTE/cmake/modules/CheckFunctionExists.c: In function ‘main’:
/home/tysonv7/srsLTE/cmake/modules/CheckFunctionExists.c:12:3: warning: implicit declaration of function ‘sqrtf’ [-Wimplicit-function-declaration]
   float ac2 = sqrtf(rand());
   ^
/home/tysonv7/srsLTE/cmake/modules/CheckFunctionExists.c:12:15: warning: incompatible implicit declaration of built-in function ‘sqrtf’ [enabled by default]
   float ac2 = sqrtf(rand());
               ^
/home/tysonv7/srsLTE/cmake/modules/CheckFunctionExists.c:12:3: warning: implicit declaration of function ‘rand’ [-Wimplicit-function-declaration]
   float ac2 = sqrtf(rand());
   ^
Linking C executable cmTryCompileExec1936546332
/usr/bin/cmake -E cmake_link_script CMakeFiles/cmTryCompileExec1936546332.dir/link.txt --verbose=1
/usr/bin/cc   -Wall -Wno-write-strings -Wno-format-extra-args -Winline -Wno-unused-result -Wno-format -std=c99 -D_GNU_SOURCE -g -march=native -mfpmath=sse -mavx -DLV_HAVE_AVX -DLV_HAVE_SSE -DCHECK_FUNCTION_EXISTS=volk_32fc_32f_dot_prod_32fc -mavx    CMakeFiles/cmTryCompileExec1936546332.dir/CheckFunctionExists.c.o  -o cmTryCompileExec1936546332 -rdynamic /usr/local/lib/libvolk.so -lm -Wl,-rpath,/usr/local/lib 
make[1]: Leaving directory `/home/tysonv7/srsLTE/build/CMakeFiles/CMakeTmp'


Determining if the function volk_32f_x2_interleave_32fc exists passed with the following output:
Change Dir: /home/tysonv7/srsLTE/build/CMakeFiles/CMakeTmp

Run Build Command:/usr/bin/make "cmTryCompileExec2526561179/fast"
/usr/bin/make -f CMakeFiles/cmTryCompileExec2526561179.dir/build.make CMakeFiles/cmTryCompileExec2526561179.dir/build
make[1]: Entering directory `/home/tysonv7/srsLTE/build/CMakeFiles/CMakeTmp'
/usr/bin/cmake -E cmake_progress_report /home/tysonv7/srsLTE/build/CMakeFiles/CMakeTmp/CMakeFiles 1
Building C object CMakeFiles/cmTryCompileExec2526561179.dir/CheckFunctionExists.c.o
/usr/bin/cc   -Wall -Wno-write-strings -Wno-format-extra-args -Winline -Wno-unused-result -Wno-format -std=c99 -D_GNU_SOURCE -g -march=native -mfpmath=sse -mavx -DLV_HAVE_AVX -DLV_HAVE_SSE -DCHECK_FUNCTION_EXISTS=volk_32f_x2_interleave_32fc -mavx   -o CMakeFiles/cmTryCompileExec2526561179.dir/CheckFunctionExists.c.o   -c /home/tysonv7/srsLTE/cmake/modules/CheckFunctionExists.c
/home/tysonv7/srsLTE/cmake/modules/CheckFunctionExists.c: In function ‘main’:
/home/tysonv7/srsLTE/cmake/modules/CheckFunctionExists.c:12:3: warning: implicit declaration of function ‘sqrtf’ [-Wimplicit-function-declaration]
   float ac2 = sqrtf(rand());
   ^
/home/tysonv7/srsLTE/cmake/modules/CheckFunctionExists.c:12:15: warning: incompatible implicit declaration of built-in function ‘sqrtf’ [enabled by default]
   float ac2 = sqrtf(rand());
               ^
/home/tysonv7/srsLTE/cmake/modules/CheckFunctionExists.c:12:3: warning: implicit declaration of function ‘rand’ [-Wimplicit-function-declaration]
   float ac2 = sqrtf(rand());
   ^
Linking C executable cmTryCompileExec2526561179
/usr/bin/cmake -E cmake_link_script CMakeFiles/cmTryCompileExec2526561179.dir/link.txt --verbose=1
/usr/bin/cc   -Wall -Wno-write-strings -Wno-format-extra-args -Winline -Wno-unused-result -Wno-format -std=c99 -D_GNU_SOURCE -g -march=native -mfpmath=sse -mavx -DLV_HAVE_AVX -DLV_HAVE_SSE -DCHECK_FUNCTION_EXISTS=volk_32f_x2_interleave_32fc -mavx    CMakeFiles/cmTryCompileExec2526561179.dir/CheckFunctionExists.c.o  -o cmTryCompileExec2526561179 -rdynamic /usr/local/lib/libvolk.so -lm -Wl,-rpath,/usr/local/lib 
make[1]: Leaving directory `/home/tysonv7/srsLTE/build/CMakeFiles/CMakeTmp'


Determining if the function volk_32f_x2_add_32f exists passed with the following output:
Change Dir: /home/tysonv7/srsLTE/build/CMakeFiles/CMakeTmp

Run Build Command:/usr/bin/make "cmTryCompileExec3302137650/fast"
/usr/bin/make -f CMakeFiles/cmTryCompileExec3302137650.dir/build.make CMakeFiles/cmTryCompileExec3302137650.dir/build
make[1]: Entering directory `/home/tysonv7/srsLTE/build/CMakeFiles/CMakeTmp'
/usr/bin/cmake -E cmake_progress_report /home/tysonv7/srsLTE/build/CMakeFiles/CMakeTmp/CMakeFiles 1
Building C object CMakeFiles/cmTryCompileExec3302137650.dir/CheckFunctionExists.c.o
/usr/bin/cc   -Wall -Wno-write-strings -Wno-format-extra-args -Winline -Wno-unused-result -Wno-format -std=c99 -D_GNU_SOURCE -g -march=native -mfpmath=sse -mavx -DLV_HAVE_AVX -DLV_HAVE_SSE -DCHECK_FUNCTION_EXISTS=volk_32f_x2_add_32f -mavx   -o CMakeFiles/cmTryCompileExec3302137650.dir/CheckFunctionExists.c.o   -c /home/tysonv7/srsLTE/cmake/modules/CheckFunctionExists.c
/home/tysonv7/srsLTE/cmake/modules/CheckFunctionExists.c: In function ‘main’:
/home/tysonv7/srsLTE/cmake/modules/CheckFunctionExists.c:12:3: warning: implicit declaration of function ‘sqrtf’ [-Wimplicit-function-declaration]
   float ac2 = sqrtf(rand());
   ^
/home/tysonv7/srsLTE/cmake/modules/CheckFunctionExists.c:12:15: warning: incompatible implicit declaration of built-in function ‘sqrtf’ [enabled by default]
   float ac2 = sqrtf(rand());
               ^
/home/tysonv7/srsLTE/cmake/modules/CheckFunctionExists.c:12:3: warning: implicit declaration of function ‘rand’ [-Wimplicit-function-declaration]
   float ac2 = sqrtf(rand());
   ^
Linking C executable cmTryCompileExec3302137650
/usr/bin/cmake -E cmake_link_script CMakeFiles/cmTryCompileExec3302137650.dir/link.txt --verbose=1
/usr/bin/cc   -Wall -Wno-write-strings -Wno-format-extra-args -Winline -Wno-unused-result -Wno-format -std=c99 -D_GNU_SOURCE -g -march=native -mfpmath=sse -mavx -DLV_HAVE_AVX -DLV_HAVE_SSE -DCHECK_FUNCTION_EXISTS=volk_32f_x2_add_32f -mavx    CMakeFiles/cmTryCompileExec3302137650.dir/CheckFunctionExists.c.o  -o cmTryCompileExec3302137650 -rdynamic /usr/local/lib/libvolk.so -lm -Wl,-rpath,/usr/local/lib 
make[1]: Leaving directory `/home/tysonv7/srsLTE/build/CMakeFiles/CMakeTmp'


